======================================================================

Annotating SDF timing data:
  Compiled SDF file:     async_fifo_analysis_view_0p90v_25c_captyp_nominal.sdf.X
  Log file:              ./sdf_log.log
  Backannotation scope:  tb.dut
  Configuration file:    
  MTM control:           
  Scale factors:         
  Scale type:            

Time units: 1ps

xmelab: *W,SDFNET: Unable to annotate to non-existent timing check (RECREM (posedge CDN) (COND D_SDFCHK (posedge CP)) (-23) (41)) of instance tb.dut.sync_read_to_write.\r_ff2_reg[2]  of module DFCNQD1BWP30P140 <../logical/results/gate_level/async_fifo_analysis_view_0p90v_25c_captyp_nominal.sdf, line 694>.
xmelab: *W,SDFNET: Unable to annotate to non-existent timing check (RECREM (posedge CDN) (COND D_SDFCHK (posedge CP)) (-23) (41)) of instance tb.dut.sync_read_to_write.\r_ff1_reg[0]  of module DFCNQD1BWP30P140 <../logical/results/gate_level/async_fifo_analysis_view_0p90v_25c_captyp_nominal.sdf, line 715>.
xmelab: *W,SDFNET: Unable to annotate to non-existent timing check (RECREM (posedge CDN) (COND D_SDFCHK (posedge CP)) (-23) (41)) of instance tb.dut.sync_read_to_write.\r_ff1_reg[3]  of module DFCNQD1BWP30P140 <../logical/results/gate_level/async_fifo_analysis_view_0p90v_25c_captyp_nominal.sdf, line 736>.
xmelab: *W,SDFNET: Unable to annotate to non-existent timing check (RECREM (posedge CDN) (COND D_SDFCHK (posedge CP)) (-23) (41)) of instance tb.dut.sync_read_to_write.\r_ff1_reg[2]  of module DFCNQD1BWP30P140 <../logical/results/gate_level/async_fifo_analysis_view_0p90v_25c_captyp_nominal.sdf, line 757>.
xmelab: *W,SDFNET: Unable to annotate to non-existent timing check (RECREM (posedge CDN) (COND D_SDFCHK (posedge CP)) (-23) (41)) of instance tb.dut.sync_read_to_write.\r_ff1_reg[4]  of module DFCNQD1BWP30P140 <../logical/results/gate_level/async_fifo_analysis_view_0p90v_25c_captyp_nominal.sdf, line 778>.
xmelab: *W,SDFNET: Unable to annotate to non-existent timing check (RECREM (posedge CDN) (COND D_SDFCHK (posedge CP)) (-23) (41)) of instance tb.dut.sync_read_to_write.\r_ff1_reg[1]  of module DFCNQD1BWP30P140 <../logical/results/gate_level/async_fifo_analysis_view_0p90v_25c_captyp_nominal.sdf, line 799>.
xmelab: *W,SDFNET: Unable to annotate to non-existent timing check (RECREM (posedge CDN) (COND D_SDFCHK (posedge CP)) (-23) (41)) of instance tb.dut.sync_read_to_write.\r_ff1_reg[5]  of module DFCNQD1BWP30P140 <../logical/results/gate_level/async_fifo_analysis_view_0p90v_25c_captyp_nominal.sdf, line 820>.
xmelab: *W,SDFNET: Unable to annotate to non-existent timing check (RECREM (posedge CDN) (COND D_SDFCHK (posedge CP)) (-23) (41)) of instance tb.dut.sync_read_to_write.\r_ff2_reg[0]  of module DFCNQD1BWP30P140 <../logical/results/gate_level/async_fifo_analysis_view_0p90v_25c_captyp_nominal.sdf, line 841>.
xmelab: *W,SDFNET: Unable to annotate to non-existent timing check (RECREM (posedge CDN) (COND D_SDFCHK (posedge CP)) (-23) (41)) of instance tb.dut.sync_read_to_write.\r_ff2_reg[3]  of module DFCNQD1BWP30P140 <../logical/results/gate_level/async_fifo_analysis_view_0p90v_25c_captyp_nominal.sdf, line 862>.
xmelab: *W,SDFNET: Unable to annotate to non-existent timing check (RECREM (posedge CDN) (COND D_SDFCHK (posedge CP)) (-23) (41)) of instance tb.dut.sync_read_to_write.\r_ff2_reg[4]  of module DFCNQD1BWP30P140 <../logical/results/gate_level/async_fifo_analysis_view_0p90v_25c_captyp_nominal.sdf, line 883>.
xmelab: *W,SDFNET: Unable to annotate to non-existent timing check (RECREM (posedge CDN) (COND D_SDFCHK (posedge CP)) (-23) (41)) of instance tb.dut.sync_read_to_write.\r_ff2_reg[5]  of module DFCNQD1BWP30P140 <../logical/results/gate_level/async_fifo_analysis_view_0p90v_25c_captyp_nominal.sdf, line 904>.
xmelab: *W,SDFNET: Unable to annotate to non-existent timing check (RECREM (posedge CDN) (COND D_SDFCHK (posedge CP)) (-23) (41)) of instance tb.dut.sync_read_to_write.\r_ff2_reg[1]  of module DFCNQD1BWP30P140 <../logical/results/gate_level/async_fifo_analysis_view_0p90v_25c_captyp_nominal.sdf, line 925>.
xmelab: *W,SDFNET: Unable to annotate to non-existent timing check (RECREM (posedge CDN) (COND D_SDFCHK (posedge CP)) (-25) (38)) of instance tb.dut.sync_write_to_read.\r_ff2_reg[0]  of module DFCNQD1BWP30P140 <../logical/results/gate_level/async_fifo_analysis_view_0p90v_25c_captyp_nominal.sdf, line 946>.
xmelab: *W,SDFNET: Unable to annotate to non-existent timing check (RECREM (posedge CDN) (COND D_SDFCHK (posedge CP)) (-25) (38)) of instance tb.dut.sync_write_to_read.\r_ff2_reg[5]  of module DFCNQD1BWP30P140 <../logical/results/gate_level/async_fifo_analysis_view_0p90v_25c_captyp_nominal.sdf, line 967>.
xmelab: *W,SDFNET: Unable to annotate to non-existent timing check (RECREM (posedge CDN) (COND D_SDFCHK (posedge CP)) (-25) (38)) of instance tb.dut.sync_write_to_read.\r_ff2_reg[1]  of module DFCNQD1BWP30P140 <../logical/results/gate_level/async_fifo_analysis_view_0p90v_25c_captyp_nominal.sdf, line 988>.
xmelab: *W,SDFNET: Unable to annotate to non-existent timing check (RECREM (posedge CDN) (COND D_SDFCHK (posedge CP)) (-25) (38)) of instance tb.dut.sync_write_to_read.\r_ff2_reg[2]  of module DFCNQD1BWP30P140 <../logical/results/gate_level/async_fifo_analysis_view_0p90v_25c_captyp_nominal.sdf, line 1009>.
xmelab: *W,SDFNET: Unable to annotate to non-existent timing check (RECREM (posedge CDN) (COND D_SDFCHK (posedge CP)) (-25) (38)) of instance tb.dut.sync_write_to_read.\r_ff2_reg[3]  of module DFCNQD1BWP30P140 <../logical/results/gate_level/async_fifo_analysis_view_0p90v_25c_captyp_nominal.sdf, line 1030>.
xmelab: *W,SDFNET: Unable to annotate to non-existent timing check (RECREM (posedge CDN) (COND D_SDFCHK (posedge CP)) (-25) (38)) of instance tb.dut.sync_write_to_read.\r_ff2_reg[4]  of module DFCNQD1BWP30P140 <../logical/results/gate_level/async_fifo_analysis_view_0p90v_25c_captyp_nominal.sdf, line 1051>.
xmelab: *W,SDFNET: Unable to annotate to non-existent timing check (RECREM (posedge CDN) (COND D_SDFCHK (posedge CP)) (-25) (38)) of instance tb.dut.sync_write_to_read.\r_ff1_reg[2]  of module DFCNQD1BWP30P140 <../logical/results/gate_level/async_fifo_analysis_view_0p90v_25c_captyp_nominal.sdf, line 1072>.
xmelab: *W,SDFNET: Unable to annotate to non-existent timing check (RECREM (posedge CDN) (COND D_SDFCHK (posedge CP)) (-25) (38)) of instance tb.dut.sync_write_to_read.\r_ff1_reg[3]  of module DFCNQD1BWP30P140 <../logical/results/gate_level/async_fifo_analysis_view_0p90v_25c_captyp_nominal.sdf, line 1093>.
xmelab: *W,SDFNET: Unable to annotate to non-existent timing check (RECREM (posedge CDN) (COND D_SDFCHK (posedge CP)) (-25) (38)) of instance tb.dut.sync_write_to_read.\r_ff1_reg[0]  of module DFCNQD1BWP30P140 <../logical/results/gate_level/async_fifo_analysis_view_0p90v_25c_captyp_nominal.sdf, line 1114>.
xmelab: *W,SDFNET: Unable to annotate to non-existent timing check (RECREM (posedge CDN) (COND D_SDFCHK (posedge CP)) (-25) (38)) of instance tb.dut.sync_write_to_read.\r_ff1_reg[5]  of module DFCNQD1BWP30P140 <../logical/results/gate_level/async_fifo_analysis_view_0p90v_25c_captyp_nominal.sdf, line 1135>.
xmelab: *W,SDFNET: Unable to annotate to non-existent timing check (RECREM (posedge CDN) (COND D_SDFCHK (posedge CP)) (-25) (38)) of instance tb.dut.sync_write_to_read.\r_ff1_reg[1]  of module DFCNQD1BWP30P140 <../logical/results/gate_level/async_fifo_analysis_view_0p90v_25c_captyp_nominal.sdf, line 1156>.
xmelab: *W,SDFNET: Unable to annotate to non-existent timing check (RECREM (posedge CDN) (COND D_SDFCHK (posedge CP)) (-25) (38)) of instance tb.dut.sync_write_to_read.\r_ff1_reg[4]  of module DFCNQD1BWP30P140 <../logical/results/gate_level/async_fifo_analysis_view_0p90v_25c_captyp_nominal.sdf, line 1177>.
xmelab: *W,SDFNET: Unable to annotate to non-existent timing check (RECREM (posedge CDN) (COND D_SDFCHK (posedge CP)) (-23) (41)) of instance tb.dut.\r_write_ptr_gray_reg[0]  of module DFCNQD1BWP30P140 <../logical/results/gate_level/async_fifo_analysis_view_0p90v_25c_captyp_nominal.sdf, line 1198>.
xmelab: *W,SDFNET: Unable to annotate to non-existent timing check (RECREM (posedge CDN) (COND D_SDFCHK (posedge CP)) (-23) (41)) of instance tb.dut.\r_write_ptr_gray_reg[1]  of module DFCNQD1BWP30P140 <../logical/results/gate_level/async_fifo_analysis_view_0p90v_25c_captyp_nominal.sdf, line 1219>.
xmelab: *W,SDFNET: Unable to annotate to non-existent timing check (RECREM (posedge CDN) (COND D_SDFCHK (posedge CP)) (-23) (41)) of instance tb.dut.\r_write_ptr_gray_reg[2]  of module DFCNQD1BWP30P140 <../logical/results/gate_level/async_fifo_analysis_view_0p90v_25c_captyp_nominal.sdf, line 1240>.
xmelab: *W,SDFNET: Unable to annotate to non-existent timing check (RECREM (posedge CDN) (COND nD_SE_SI_SDFCHK (posedge CP)) (-24) (42)) of instance tb.dut.\r_write_ptr_gray_reg[3]  of module SDFCNQD0BWP30P140 <../logical/results/gate_level/async_fifo_analysis_view_0p90v_25c_captyp_nominal.sdf, line 1275>.
xmelab: *W,SDFNET: Unable to annotate to non-existent timing check (RECREM (posedge CDN) (COND D_nSE_SI_SDFCHK (posedge CP)) (-24) (42)) of instance tb.dut.\r_write_ptr_gray_reg[3]  of module SDFCNQD0BWP30P140 <../logical/results/gate_level/async_fifo_analysis_view_0p90v_25c_captyp_nominal.sdf, line 1276>.
xmelab: *W,SDFNET: Unable to annotate to non-existent timing check (RECREM (posedge CDN) (COND D_SE_SI_SDFCHK (posedge CP)) (-24) (42)) of instance tb.dut.\r_write_ptr_gray_reg[3]  of module SDFCNQD0BWP30P140 <../logical/results/gate_level/async_fifo_analysis_view_0p90v_25c_captyp_nominal.sdf, line 1277>.
xmelab: *W,SDFNET: Unable to annotate to non-existent timing check (RECREM (posedge CDN) (COND D_nSE_nSI_SDFCHK (posedge CP)) (-24) (42)) of instance tb.dut.\r_write_ptr_gray_reg[3]  of module SDFCNQD0BWP30P140 <../logical/results/gate_level/async_fifo_analysis_view_0p90v_25c_captyp_nominal.sdf, line 1278>.
xmelab: *W,SDFNET: Unable to annotate to non-existent timing check (RECREM (posedge CDN) (COND D_SDFCHK (posedge CP)) (-23) (41)) of instance tb.dut.\r_write_ptr_gray_reg[4]  of module DFCNQD1BWP30P140 <../logical/results/gate_level/async_fifo_analysis_view_0p90v_25c_captyp_nominal.sdf, line 1309>.
xmelab: *W,SDFNET: Unable to annotate to non-existent timing check (RECREM (posedge CDN) (COND D_SDFCHK (posedge CP)) (-25) (38)) of instance tb.dut.\p_read_data_reg[0]  of module DFCNQD1BWP30P140 <../logical/results/gate_level/async_fifo_analysis_view_0p90v_25c_captyp_nominal.sdf, line 2534>.
xmelab: *W,SDFNET: Unable to annotate to non-existent timing check (RECREM (posedge CDN) (COND D_SDFCHK (posedge CP)) (-25) (38)) of instance tb.dut.\p_read_data_reg[1]  of module DFCNQD1BWP30P140 <../logical/results/gate_level/async_fifo_analysis_view_0p90v_25c_captyp_nominal.sdf, line 2555>.
xmelab: *W,SDFNET: Unable to annotate to non-existent timing check (RECREM (posedge CDN) (COND D_SDFCHK (posedge CP)) (-25) (38)) of instance tb.dut.\p_read_data_reg[2]  of module DFCNQD1BWP30P140 <../logical/results/gate_level/async_fifo_analysis_view_0p90v_25c_captyp_nominal.sdf, line 2576>.
xmelab: *W,SDFNET: Unable to annotate to non-existent timing check (RECREM (posedge CDN) (COND D_SDFCHK (posedge CP)) (-25) (38)) of instance tb.dut.\p_read_data_reg[3]  of module DFCNQD1BWP30P140 <../logical/results/gate_level/async_fifo_analysis_view_0p90v_25c_captyp_nominal.sdf, line 2597>.
xmelab: *W,SDFNET: Unable to annotate to non-existent timing check (RECREM (posedge CDN) (COND D_SDFCHK (posedge CP)) (-25) (38)) of instance tb.dut.\p_read_data_reg[4]  of module DFCNQD1BWP30P140 <../logical/results/gate_level/async_fifo_analysis_view_0p90v_25c_captyp_nominal.sdf, line 2618>.
xmelab: *W,SDFNET: Unable to annotate to non-existent timing check (RECREM (posedge CDN) (COND D_SDFCHK (posedge CP)) (-25) (38)) of instance tb.dut.\p_read_data_reg[5]  of module DFCNQD1BWP30P140 <../logical/results/gate_level/async_fifo_analysis_view_0p90v_25c_captyp_nominal.sdf, line 2639>.
xmelab: *W,SDFNET: Unable to annotate to non-existent timing check (RECREM (posedge CDN) (COND D_SDFCHK (posedge CP)) (-25) (38)) of instance tb.dut.\p_read_data_reg[6]  of module DFCNQD1BWP30P140 <../logical/results/gate_level/async_fifo_analysis_view_0p90v_25c_captyp_nominal.sdf, line 2660>.
xmelab: *W,SDFNET: Unable to annotate to non-existent timing check (RECREM (posedge CDN) (COND D_SDFCHK (posedge CP)) (-25) (38)) of instance tb.dut.\p_read_data_reg[7]  of module DFCNQD1BWP30P140 <../logical/results/gate_level/async_fifo_analysis_view_0p90v_25c_captyp_nominal.sdf, line 2681>.
xmelab: *W,SDFNET: Unable to annotate to non-existent timing check (RECREM (posedge CDN) (COND D_SDFCHK (posedge CP)) (-25) (38)) of instance tb.dut.\p_read_data_reg[8]  of module DFCNQD1BWP30P140 <../logical/results/gate_level/async_fifo_analysis_view_0p90v_25c_captyp_nominal.sdf, line 2702>.
xmelab: *W,SDFNET: Unable to annotate to non-existent timing check (RECREM (posedge CDN) (COND D_SDFCHK (posedge CP)) (-25) (38)) of instance tb.dut.\p_read_data_reg[9]  of module DFCNQD1BWP30P140 <../logical/results/gate_level/async_fifo_analysis_view_0p90v_25c_captyp_nominal.sdf, line 2723>.
xmelab: *W,SDFNET: Unable to annotate to non-existent timing check (RECREM (posedge CDN) (COND D_SDFCHK (posedge CP)) (-25) (38)) of instance tb.dut.\p_read_data_reg[10]  of module DFCNQD1BWP30P140 <../logical/results/gate_level/async_fifo_analysis_view_0p90v_25c_captyp_nominal.sdf, line 2744>.
xmelab: *W,SDFNET: Unable to annotate to non-existent timing check (RECREM (posedge CDN) (COND D_SDFCHK (posedge CP)) (-25) (38)) of instance tb.dut.\p_read_data_reg[11]  of module DFCNQD1BWP30P140 <../logical/results/gate_level/async_fifo_analysis_view_0p90v_25c_captyp_nominal.sdf, line 2765>.
xmelab: *W,SDFNET: Unable to annotate to non-existent timing check (RECREM (posedge CDN) (COND D_SDFCHK (posedge CP)) (-25) (38)) of instance tb.dut.\p_read_data_reg[12]  of module DFCNQD1BWP30P140 <../logical/results/gate_level/async_fifo_analysis_view_0p90v_25c_captyp_nominal.sdf, line 2786>.
xmelab: *W,SDFNET: Unable to annotate to non-existent timing check (RECREM (posedge CDN) (COND D_SDFCHK (posedge CP)) (-25) (38)) of instance tb.dut.\p_read_data_reg[13]  of module DFCNQD1BWP30P140 <../logical/results/gate_level/async_fifo_analysis_view_0p90v_25c_captyp_nominal.sdf, line 2807>.
xmelab: *W,SDFNET: Unable to annotate to non-existent timing check (RECREM (posedge CDN) (COND D_SDFCHK (posedge CP)) (-25) (38)) of instance tb.dut.\p_read_data_reg[14]  of module DFCNQD1BWP30P140 <../logical/results/gate_level/async_fifo_analysis_view_0p90v_25c_captyp_nominal.sdf, line 2828>.
xmelab: *W,SDFNET: Unable to annotate to non-existent timing check (RECREM (posedge CDN) (COND D_SDFCHK (posedge CP)) (-25) (38)) of instance tb.dut.\p_read_data_reg[15]  of module DFCNQD1BWP30P140 <../logical/results/gate_level/async_fifo_analysis_view_0p90v_25c_captyp_nominal.sdf, line 2849>.
xmelab: *W,SDFNET: Unable to annotate to non-existent timing check (RECREM (posedge CDN) (COND D_SDFCHK (posedge CP)) (-25) (38)) of instance tb.dut.\r_read_ptr_gray_reg[0]  of module DFCNQD1BWP30P140 <../logical/results/gate_level/async_fifo_analysis_view_0p90v_25c_captyp_nominal.sdf, line 10550>.
xmelab: *W,SDFNET: Unable to annotate to non-existent timing check (RECREM (posedge CDN) (COND D_SDFCHK (posedge CP)) (-25) (38)) of instance tb.dut.\r_read_ptr_gray_reg[1]  of module DFCNQD1BWP30P140 <../logical/results/gate_level/async_fifo_analysis_view_0p90v_25c_captyp_nominal.sdf, line 10571>.
xmelab: *W,SDFNET: Unable to annotate to non-existent timing check (RECREM (posedge CDN) (COND D_SDFCHK (posedge CP)) (-25) (38)) of instance tb.dut.\r_read_ptr_gray_reg[2]  of module DFCNQD1BWP30P140 <../logical/results/gate_level/async_fifo_analysis_view_0p90v_25c_captyp_nominal.sdf, line 10592>.
xmelab: *W,SDFNET: Unable to annotate to non-existent timing check (RECREM (posedge CDN) (COND D_SDFCHK (posedge CP)) (-25) (38)) of instance tb.dut.\r_read_ptr_gray_reg[3]  of module DFCNQD1BWP30P140 <../logical/results/gate_level/async_fifo_analysis_view_0p90v_25c_captyp_nominal.sdf, line 10613>.
xmelab: *W,SDFNET: Unable to annotate to non-existent timing check (RECREM (posedge CDN) (COND D_SDFCHK (posedge CP)) (-25) (38)) of instance tb.dut.\r_read_ptr_gray_reg[4]  of module DFCNQD1BWP30P140 <../logical/results/gate_level/async_fifo_analysis_view_0p90v_25c_captyp_nominal.sdf, line 10634>.
xmelab: *W,SDFNET: Unable to annotate to non-existent timing check (RECREM (posedge CDN) (COND D_SDFCHK (posedge CP)) (-23) (41)) of instance tb.dut.\r_write_ptr_bin_reg[0]  of module DFCNQD1BWP30P140 <../logical/results/gate_level/async_fifo_analysis_view_0p90v_25c_captyp_nominal.sdf, line 19563>.
xmelab: *W,SDFNET: Unable to annotate to non-existent timing check (RECREM (posedge CDN) (COND D_SDFCHK (posedge CP)) (-23) (41)) of instance tb.dut.\r_write_ptr_bin_reg[2]  of module DFCNQD1BWP30P140 <../logical/results/gate_level/async_fifo_analysis_view_0p90v_25c_captyp_nominal.sdf, line 19584>.
xmelab: *W,SDFNET: Unable to annotate to non-existent timing check (RECREM (posedge CDN) (COND D_SDFCHK (posedge CP)) (-25) (38)) of instance tb.dut.\r_read_ptr_bin_reg[1]  of module DFCNQD1BWP30P140 <../logical/results/gate_level/async_fifo_analysis_view_0p90v_25c_captyp_nominal.sdf, line 19707>.
xmelab: *W,SDFNET: Unable to annotate to non-existent timing check (RECREM (posedge CDN) (COND D_SDFCHK (posedge CP)) (-25) (38)) of instance tb.dut.\r_read_ptr_bin_reg[2]  of module DFCNQD1BWP30P140 <../logical/results/gate_level/async_fifo_analysis_view_0p90v_25c_captyp_nominal.sdf, line 19728>.
xmelab: *W,SDFNET: Unable to annotate to non-existent timing check (RECREM (posedge CDN) (COND D_SDFCHK (posedge CP)) (-25) (38)) of instance tb.dut.\r_read_ptr_bin_reg[3]  of module DFCNQD1BWP30P140 <../logical/results/gate_level/async_fifo_analysis_view_0p90v_25c_captyp_nominal.sdf, line 19749>.
xmelab: *W,SDFNET: Unable to annotate to non-existent timing check (RECREM (posedge CDN) (COND D_SDFCHK (posedge CP)) (-25) (38)) of instance tb.dut.\r_read_ptr_bin_reg[4]  of module DFCNQD1BWP30P140 <../logical/results/gate_level/async_fifo_analysis_view_0p90v_25c_captyp_nominal.sdf, line 19770>.
xmelab: *W,SDFNET: Unable to annotate to non-existent timing check (RECREM (posedge CDN) (COND D_SDFCHK (posedge CP)) (-25) (38)) of instance tb.dut.\r_read_ptr_bin_reg[5]  of module DFCNQD1BWP30P140 <../logical/results/gate_level/async_fifo_analysis_view_0p90v_25c_captyp_nominal.sdf, line 19791>.
xmelab: *W,SDFNET: Unable to annotate to non-existent timing check (RECREM (posedge CDN) (COND D_SDFCHK (posedge CP)) (-23) (41)) of instance tb.dut.\r_write_ptr_bin_reg[3]  of module DFCND1BWP30P140 <../logical/results/gate_level/async_fifo_analysis_view_0p90v_25c_captyp_nominal.sdf, line 19817>.
xmelab: *W,SDFNET: Unable to annotate to non-existent timing check (RECREM (posedge CDN) (COND D_E_SDFCHK (posedge CP)) (-17) (32)) of instance tb.dut.\r_write_ptr_bin_reg[5]  of module EDFCND1BWP30P140 <../logical/results/gate_level/async_fifo_analysis_view_0p90v_25c_captyp_nominal.sdf, line 19852>.
xmelab: *W,SDFNET: Unable to annotate to non-existent timing check (RECREM (posedge CDN) (COND D_SDFCHK (posedge CP)) (-23) (41)) of instance tb.dut.\r_write_ptr_bin_reg[4]  of module DFCND1BWP30P140 <../logical/results/gate_level/async_fifo_analysis_view_0p90v_25c_captyp_nominal.sdf, line 19882>.
xmelab: *W,SDFNET: Unable to annotate to non-existent timing check (RECREM (posedge CDN) (COND D_SDFCHK (posedge CP)) (-23) (41)) of instance tb.dut.\r_write_ptr_bin_reg[1]  of module DFCND1BWP30P140 <../logical/results/gate_level/async_fifo_analysis_view_0p90v_25c_captyp_nominal.sdf, line 19908>.
xmelab: *W,SDFNET: Unable to annotate to non-existent timing check (RECREM (posedge CDN) (COND D_SDFCHK (posedge CP)) (-25) (38)) of instance tb.dut.\r_read_ptr_bin_reg[0]  of module DFCND1BWP30P140 <../logical/results/gate_level/async_fifo_analysis_view_0p90v_25c_captyp_nominal.sdf, line 19934>.
