xrun(64): 23.03-s003: (c) Copyright 1995-2023 Cadence Design Systems, Inc.
TOOL:	xrun(64)	23.03-s003: Started on Feb 22, 2026 at 23:34:42 -03
xrun
	-f args.txt
		-smartorder
		-work work
		-top tb
		-access +rw
		-maxdelays
		-sdf_cmd_file sdf_cmd.cmd
		-timescale 1ns/1ps
		-incdir ../../tb
		/pdk/tsmc/PDK28/PDK_TSMC28_bv/tcbn28hpcplusbwp30p140_190a/TSMCHOME/digital/Front_End/verilog/tcbn28hpcplusbwp30p140_110a/tcbn28hpcplusbwp30p140.v
	../../tb/test_async_fifo.sv
	../logical/results/gate_level/async_fifo_logic_mapped.v
	-define GATE_LEVEL
	-define XRUN
	-run
	-exit
file: /pdk/tsmc/PDK28/PDK_TSMC28_bv/tcbn28hpcplusbwp30p140_190a/TSMCHOME/digital/Front_End/verilog/tcbn28hpcplusbwp30p140_110a/tcbn28hpcplusbwp30p140.v
	module work.AN2D0BWP30P140:v
		errors: 0, warnings: 0
	module work.AN2D16BWP30P140:v
		errors: 0, warnings: 0
	module work.AN2D1BWP30P140:v
		errors: 0, warnings: 0
	module work.AN2D2BWP30P140:v
		errors: 0, warnings: 0
	module work.AN2D4BWP30P140:v
		errors: 0, warnings: 0
	module work.AN2D6BWP30P140:v
		errors: 0, warnings: 0
	module work.AN2D8BWP30P140:v
		errors: 0, warnings: 0
	module work.AN3D0BWP30P140:v
		errors: 0, warnings: 0
	module work.AN3D16BWP30P140:v
		errors: 0, warnings: 0
	module work.AN3D1BWP30P140:v
		errors: 0, warnings: 0
	module work.AN3D2BWP30P140:v
		errors: 0, warnings: 0
	module work.AN3D4BWP30P140:v
		errors: 0, warnings: 0
	module work.AN3D6BWP30P140:v
		errors: 0, warnings: 0
	module work.AN3D8BWP30P140:v
		errors: 0, warnings: 0
	module work.AN4D0BWP30P140:v
		errors: 0, warnings: 0
	module work.AN4D1BWP30P140:v
		errors: 0, warnings: 0
	module work.AN4D2BWP30P140:v
		errors: 0, warnings: 0
	module work.AN4D4BWP30P140:v
		errors: 0, warnings: 0
	module work.AN4D8BWP30P140:v
		errors: 0, warnings: 0
	module work.ANTENNABWP30P140:v
		errors: 0, warnings: 0
	module work.AO211D0BWP30P140:v
		errors: 0, warnings: 0
	module work.AO211D1BWP30P140:v
		errors: 0, warnings: 0
	module work.AO211D2BWP30P140:v
		errors: 0, warnings: 0
	module work.AO211D4BWP30P140:v
		errors: 0, warnings: 0
	module work.AO21D0BWP30P140:v
		errors: 0, warnings: 0
	module work.AO21D1BWP30P140:v
		errors: 0, warnings: 0
	module work.AO21D2BWP30P140:v
		errors: 0, warnings: 0
	module work.AO21D4BWP30P140:v
		errors: 0, warnings: 0
	module work.AO22D0BWP30P140:v
		errors: 0, warnings: 0
	module work.AO22D16BWP30P140:v
		errors: 0, warnings: 0
	module work.AO22D1BWP30P140:v
		errors: 0, warnings: 0
	module work.AO22D2BWP30P140:v
		errors: 0, warnings: 0
	module work.AO22D4BWP30P140:v
		errors: 0, warnings: 0
	module work.AO22D6BWP30P140:v
		errors: 0, warnings: 0
	module work.AO22D8BWP30P140:v
		errors: 0, warnings: 0
	module work.AOI211D0BWP30P140:v
		errors: 0, warnings: 0
	module work.AOI211D16BWP30P140:v
		errors: 0, warnings: 0
	module work.AOI211D1BWP30P140:v
		errors: 0, warnings: 0
	module work.AOI211D2BWP30P140:v
		errors: 0, warnings: 0
	module work.AOI211D4BWP30P140:v
		errors: 0, warnings: 0
	module work.AOI211D6BWP30P140:v
		errors: 0, warnings: 0
	module work.AOI211D8BWP30P140:v
		errors: 0, warnings: 0
	module work.AOI211OPTREPBD12BWP30P140:v
		errors: 0, warnings: 0
	module work.AOI211OPTREPBD16BWP30P140:v
		errors: 0, warnings: 0
	module work.AOI211OPTREPBD1BWP30P140:v
		errors: 0, warnings: 0
	module work.AOI211OPTREPBD2BWP30P140:v
		errors: 0, warnings: 0
	module work.AOI211OPTREPBD4BWP30P140:v
		errors: 0, warnings: 0
	module work.AOI211OPTREPBD6BWP30P140:v
		errors: 0, warnings: 0
	module work.AOI211OPTREPBD8BWP30P140:v
		errors: 0, warnings: 0
	module work.AOI21D0BWP30P140:v
		errors: 0, warnings: 0
	module work.AOI21D0P7BWP30P140:v
		errors: 0, warnings: 0
	module work.AOI21D16BWP30P140:v
		errors: 0, warnings: 0
	module work.AOI21D1BWP30P140:v
		errors: 0, warnings: 0
	module work.AOI21D1P5BWP30P140:v
		errors: 0, warnings: 0
	module work.AOI21D2BWP30P140:v
		errors: 0, warnings: 0
	module work.AOI21D4BWP30P140:v
		errors: 0, warnings: 0
	module work.AOI21D6BWP30P140:v
		errors: 0, warnings: 0
	module work.AOI21D8BWP30P140:v
		errors: 0, warnings: 0
	module work.AOI21OPTREPBD12BWP30P140:v
		errors: 0, warnings: 0
	module work.AOI21OPTREPBD16BWP30P140:v
		errors: 0, warnings: 0
	module work.AOI21OPTREPBD1BWP30P140:v
		errors: 0, warnings: 0
	module work.AOI21OPTREPBD2BWP30P140:v
		errors: 0, warnings: 0
	module work.AOI21OPTREPBD4BWP30P140:v
		errors: 0, warnings: 0
	module work.AOI21OPTREPBD6BWP30P140:v
		errors: 0, warnings: 0
	module work.AOI21OPTREPBD8BWP30P140:v
		errors: 0, warnings: 0
	module work.AOI221D0BWP30P140:v
		errors: 0, warnings: 0
	module work.AOI221D1BWP30P140:v
		errors: 0, warnings: 0
	module work.AOI221D2BWP30P140:v
		errors: 0, warnings: 0
	module work.AOI221D4BWP30P140:v
		errors: 0, warnings: 0
	module work.AOI222D0BWP30P140:v
		errors: 0, warnings: 0
	module work.AOI222D1BWP30P140:v
		errors: 0, warnings: 0
	module work.AOI222D2BWP30P140:v
		errors: 0, warnings: 0
	module work.AOI222D4BWP30P140:v
		errors: 0, warnings: 0
	module work.AOI22D0BWP30P140:v
		errors: 0, warnings: 0
	module work.AOI22D0P7BWP30P140:v
		errors: 0, warnings: 0
	module work.AOI22D16BWP30P140:v
		errors: 0, warnings: 0
	module work.AOI22D1BWP30P140:v
		errors: 0, warnings: 0
	module work.AOI22D1P5BWP30P140:v
		errors: 0, warnings: 0
	module work.AOI22D2BWP30P140:v
		errors: 0, warnings: 0
	module work.AOI22D4BWP30P140:v
		errors: 0, warnings: 0
	module work.AOI22D6BWP30P140:v
		errors: 0, warnings: 0
	module work.AOI22D8BWP30P140:v
		errors: 0, warnings: 0
	module work.AOI31D0BWP30P140:v
		errors: 0, warnings: 0
	module work.AOI31D1BWP30P140:v
		errors: 0, warnings: 0
	module work.AOI31D2BWP30P140:v
		errors: 0, warnings: 0
	module work.AOI31D4BWP30P140:v
		errors: 0, warnings: 0
	module work.AOI32D0BWP30P140:v
		errors: 0, warnings: 0
	module work.AOI32D1BWP30P140:v
		errors: 0, warnings: 0
	module work.AOI32D2BWP30P140:v
		errors: 0, warnings: 0
	module work.AOI32D4BWP30P140:v
		errors: 0, warnings: 0
	module work.AOI33D0BWP30P140:v
		errors: 0, warnings: 0
	module work.AOI33D1BWP30P140:v
		errors: 0, warnings: 0
	module work.AOI33D2BWP30P140:v
		errors: 0, warnings: 0
	module work.AOI33D4BWP30P140:v
		errors: 0, warnings: 0
	module work.BHDBWP30P140:v
		errors: 0, warnings: 0
	module work.BOUNDARY_LEFTBWP30P140:v
		errors: 0, warnings: 0
	module work.BOUNDARY_RIGHTBWP30P140:v
		errors: 0, warnings: 0
	module work.BUFFD0BWP30P140:v
		errors: 0, warnings: 0
	module work.BUFFD0P7BWP30P140:v
		errors: 0, warnings: 0
	module work.BUFFD12BWP30P140:v
		errors: 0, warnings: 0
	module work.BUFFD16BWP30P140:v
		errors: 0, warnings: 0
	module work.BUFFD1BWP30P140:v
		errors: 0, warnings: 0
	module work.BUFFD1P5BWP30P140:v
		errors: 0, warnings: 0
	module work.BUFFD20BWP30P140:v
		errors: 0, warnings: 0
	module work.BUFFD24BWP30P140:v
		errors: 0, warnings: 0
	module work.BUFFD2BWP30P140:v
		errors: 0, warnings: 0
	module work.BUFFD3BWP30P140:v
		errors: 0, warnings: 0
	module work.BUFFD4BWP30P140:v
		errors: 0, warnings: 0
	module work.BUFFD6BWP30P140:v
		errors: 0, warnings: 0
	module work.BUFFD8BWP30P140:v
		errors: 0, warnings: 0
	module work.BUFTD12BWP30P140:v
		errors: 0, warnings: 0
	module work.BUFTD16BWP30P140:v
		errors: 0, warnings: 0
	module work.BUFTD20BWP30P140:v
		errors: 0, warnings: 0
	module work.BUFTD24BWP30P140:v
		errors: 0, warnings: 0
	module work.BUFTD4BWP30P140:v
		errors: 0, warnings: 0
	module work.BUFTD6BWP30P140:v
		errors: 0, warnings: 0
	module work.BUFTD8BWP30P140:v
		errors: 0, warnings: 0
	module work.CKAN2D0BWP30P140:v
		errors: 0, warnings: 0
	module work.CKAN2D1BWP30P140:v
		errors: 0, warnings: 0
	module work.CKAN2D2BWP30P140:v
		errors: 0, warnings: 0
	module work.CKAN2D4BWP30P140:v
		errors: 0, warnings: 0
	module work.CKAN2D8BWP30P140:v
		errors: 0, warnings: 0
	module work.CKBD0BWP30P140:v
		errors: 0, warnings: 0
	module work.CKBD12BWP30P140:v
		errors: 0, warnings: 0
	module work.CKBD16BWP30P140:v
		errors: 0, warnings: 0
	module work.CKBD1BWP30P140:v
		errors: 0, warnings: 0
	module work.CKBD20BWP30P140:v
		errors: 0, warnings: 0
	module work.CKBD24BWP30P140:v
		errors: 0, warnings: 0
	module work.CKBD2BWP30P140:v
		errors: 0, warnings: 0
	module work.CKBD3BWP30P140:v
		errors: 0, warnings: 0
	module work.CKBD4BWP30P140:v
		errors: 0, warnings: 0
	module work.CKBD6BWP30P140:v
		errors: 0, warnings: 0
	module work.CKBD8BWP30P140:v
		errors: 0, warnings: 0
	module work.CKLHQD12BWP30P140:v
		errors: 0, warnings: 0
	module work.CKLHQD16BWP30P140:v
		errors: 0, warnings: 0
	module work.CKLHQD1BWP30P140:v
		errors: 0, warnings: 0
	module work.CKLHQD20BWP30P140:v
		errors: 0, warnings: 0
	module work.CKLHQD24BWP30P140:v
		errors: 0, warnings: 0
	module work.CKLHQD2BWP30P140:v
		errors: 0, warnings: 0
	module work.CKLHQD3BWP30P140:v
		errors: 0, warnings: 0
	module work.CKLHQD4BWP30P140:v
		errors: 0, warnings: 0
	module work.CKLHQD6BWP30P140:v
		errors: 0, warnings: 0
	module work.CKLHQD8BWP30P140:v
		errors: 0, warnings: 0
	module work.CKLNQD12BWP30P140:v
		errors: 0, warnings: 0
	module work.CKLNQD16BWP30P140:v
		errors: 0, warnings: 0
	module work.CKLNQD1BWP30P140:v
		errors: 0, warnings: 0
	module work.CKLNQD20BWP30P140:v
		errors: 0, warnings: 0
	module work.CKLNQD24BWP30P140:v
		errors: 0, warnings: 0
	module work.CKLNQD2BWP30P140:v
		errors: 0, warnings: 0
	module work.CKLNQD3BWP30P140:v
		errors: 0, warnings: 0
	module work.CKLNQD4BWP30P140:v
		errors: 0, warnings: 0
	module work.CKLNQD6BWP30P140:v
		errors: 0, warnings: 0
	module work.CKLNQD8BWP30P140:v
		errors: 0, warnings: 0
	module work.CKLNQOPTMAD16BWP30P140:v
		errors: 0, warnings: 0
	module work.CKLNQOPTMAD4BWP30P140:v
		errors: 0, warnings: 0
	module work.CKLNQOPTMAD8BWP30P140:v
		errors: 0, warnings: 0
	module work.CKMUX2D0BWP30P140:v
		errors: 0, warnings: 0
	module work.CKMUX2D1BWP30P140:v
		errors: 0, warnings: 0
	module work.CKMUX2D2BWP30P140:v
		errors: 0, warnings: 0
	module work.CKMUX2D4BWP30P140:v
		errors: 0, warnings: 0
	module work.CKND0BWP30P140:v
		errors: 0, warnings: 0
	module work.CKND12BWP30P140:v
		errors: 0, warnings: 0
	module work.CKND16BWP30P140:v
		errors: 0, warnings: 0
	module work.CKND1BWP30P140:v
		errors: 0, warnings: 0
	module work.CKND20BWP30P140:v
		errors: 0, warnings: 0
	module work.CKND24BWP30P140:v
		errors: 0, warnings: 0
	module work.CKND2BWP30P140:v
		errors: 0, warnings: 0
	module work.CKND2D0BWP30P140:v
		errors: 0, warnings: 0
	module work.CKND2D1BWP30P140:v
		errors: 0, warnings: 0
	module work.CKND2D2BWP30P140:v
		errors: 0, warnings: 0
	module work.CKND2D3BWP30P140:v
		errors: 0, warnings: 0
	module work.CKND2D4BWP30P140:v
		errors: 0, warnings: 0
	module work.CKND2D8BWP30P140:v
		errors: 0, warnings: 0
	module work.CKND3BWP30P140:v
		errors: 0, warnings: 0
	module work.CKND4BWP30P140:v
		errors: 0, warnings: 0
	module work.CKND6BWP30P140:v
		errors: 0, warnings: 0
	module work.CKND8BWP30P140:v
		errors: 0, warnings: 0
	module work.CKXOR2D0BWP30P140:v
		errors: 0, warnings: 0
	module work.CKXOR2D1BWP30P140:v
		errors: 0, warnings: 0
	module work.CKXOR2D2BWP30P140:v
		errors: 0, warnings: 0
	module work.CKXOR2D4BWP30P140:v
		errors: 0, warnings: 0
	module work.DCAP16BWP30P140:v
		errors: 0, warnings: 0
	module work.DCAP32BWP30P140:v
		errors: 0, warnings: 0
	module work.DCAP4BWP30P140:v
		errors: 0, warnings: 0
	module work.DCAP64BWP30P140:v
		errors: 0, warnings: 0
	module work.DCAP8BWP30P140:v
		errors: 0, warnings: 0
	module work.DCCKBD12BWP30P140:v
		errors: 0, warnings: 0
	module work.DCCKBD16BWP30P140:v
		errors: 0, warnings: 0
	module work.DCCKBD20BWP30P140:v
		errors: 0, warnings: 0
	module work.DCCKBD4BWP30P140:v
		errors: 0, warnings: 0
	module work.DCCKBD8BWP30P140:v
		errors: 0, warnings: 0
	module work.DCCKND12BWP30P140:v
		errors: 0, warnings: 0
	module work.DCCKND16BWP30P140:v
		errors: 0, warnings: 0
	module work.DCCKND20BWP30P140:v
		errors: 0, warnings: 0
	module work.DCCKND4BWP30P140:v
		errors: 0, warnings: 0
	module work.DCCKND8BWP30P140:v
		errors: 0, warnings: 0
	module work.DEL025D1BWP30P140:v
		errors: 0, warnings: 0
	module work.DEL050MD1BWP30P140:v
		errors: 0, warnings: 0
	module work.DEL075MD1BWP30P140:v
		errors: 0, warnings: 0
	module work.DEL100MD1BWP30P140:v
		errors: 0, warnings: 0
	module work.DEL150MD1BWP30P140:v
		errors: 0, warnings: 0
	module work.DEL200MD1BWP30P140:v
		errors: 0, warnings: 0
	module work.DEL250MD1BWP30P140:v
		errors: 0, warnings: 0
	module work.DFCND1BWP30P140:v
		errors: 0, warnings: 0
	module work.DFCND2BWP30P140:v
		errors: 0, warnings: 0
	module work.DFCND4BWP30P140:v
		errors: 0, warnings: 0
	module work.DFCNQD1BWP30P140:v
		errors: 0, warnings: 0
	module work.DFCNQD2BWP30P140:v
		errors: 0, warnings: 0
	module work.DFCNQD4BWP30P140:v
		errors: 0, warnings: 0
	module work.DFCSND1BWP30P140:v
		errors: 0, warnings: 0
	module work.DFCSND2BWP30P140:v
		errors: 0, warnings: 0
	module work.DFCSND4BWP30P140:v
		errors: 0, warnings: 0
	module work.DFCSNQD1BWP30P140:v
		errors: 0, warnings: 0
	module work.DFCSNQD2BWP30P140:v
		errors: 0, warnings: 0
	module work.DFCSNQD4BWP30P140:v
		errors: 0, warnings: 0
	module work.DFD1BWP30P140:v
		errors: 0, warnings: 0
	module work.DFD2BWP30P140:v
		errors: 0, warnings: 0
	module work.DFD4BWP30P140:v
		errors: 0, warnings: 0
	module work.DFKCND1BWP30P140:v
		errors: 0, warnings: 0
	module work.DFKCND2BWP30P140:v
		errors: 0, warnings: 0
	module work.DFKCND4BWP30P140:v
		errors: 0, warnings: 0
	module work.DFKCNQD1BWP30P140:v
		errors: 0, warnings: 0
	module work.DFKCNQD2BWP30P140:v
		errors: 0, warnings: 0
	module work.DFKCNQD4BWP30P140:v
		errors: 0, warnings: 0
	module work.DFKCSND1BWP30P140:v
		errors: 0, warnings: 0
	module work.DFKCSND2BWP30P140:v
		errors: 0, warnings: 0
	module work.DFKCSND4BWP30P140:v
		errors: 0, warnings: 0
	module work.DFKSND1BWP30P140:v
		errors: 0, warnings: 0
	module work.DFKSND2BWP30P140:v
		errors: 0, warnings: 0
	module work.DFKSND4BWP30P140:v
		errors: 0, warnings: 0
	module work.DFMD1BWP30P140:v
		errors: 0, warnings: 0
	module work.DFMD2BWP30P140:v
		errors: 0, warnings: 0
	module work.DFMD4BWP30P140:v
		errors: 0, warnings: 0
	module work.DFMQD1BWP30P140:v
		errors: 0, warnings: 0
	module work.DFMQD2BWP30P140:v
		errors: 0, warnings: 0
	module work.DFMQD4BWP30P140:v
		errors: 0, warnings: 0
	module work.DFNCND1BWP30P140:v
		errors: 0, warnings: 0
	module work.DFNCND2BWP30P140:v
		errors: 0, warnings: 0
	module work.DFNCND4BWP30P140:v
		errors: 0, warnings: 0
	module work.DFNCSND1BWP30P140:v
		errors: 0, warnings: 0
	module work.DFNCSND2BWP30P140:v
		errors: 0, warnings: 0
	module work.DFNCSND4BWP30P140:v
		errors: 0, warnings: 0
	module work.DFND1BWP30P140:v
		errors: 0, warnings: 0
	module work.DFND2BWP30P140:v
		errors: 0, warnings: 0
	module work.DFND4BWP30P140:v
		errors: 0, warnings: 0
	module work.DFNSND1BWP30P140:v
		errors: 0, warnings: 0
	module work.DFNSND2BWP30P140:v
		errors: 0, warnings: 0
	module work.DFNSND4BWP30P140:v
		errors: 0, warnings: 0
	module work.DFQD1BWP30P140:v
		errors: 0, warnings: 0
	module work.DFQD2BWP30P140:v
		errors: 0, warnings: 0
	module work.DFQD4BWP30P140:v
		errors: 0, warnings: 0
	module work.DFSND1BWP30P140:v
		errors: 0, warnings: 0
	module work.DFSND2BWP30P140:v
		errors: 0, warnings: 0
	module work.DFSND4BWP30P140:v
		errors: 0, warnings: 0
	module work.DFSNQD1BWP30P140:v
		errors: 0, warnings: 0
	module work.DFSNQD2BWP30P140:v
		errors: 0, warnings: 0
	module work.DFSNQD4BWP30P140:v
		errors: 0, warnings: 0
	module work.EDFCND1BWP30P140:v
		errors: 0, warnings: 0
	module work.EDFCND2BWP30P140:v
		errors: 0, warnings: 0
	module work.EDFCND4BWP30P140:v
		errors: 0, warnings: 0
	module work.EDFCNQD1BWP30P140:v
		errors: 0, warnings: 0
	module work.EDFCNQD2BWP30P140:v
		errors: 0, warnings: 0
	module work.EDFCNQD4BWP30P140:v
		errors: 0, warnings: 0
	module work.EDFD1BWP30P140:v
		errors: 0, warnings: 0
	module work.EDFD2BWP30P140:v
		errors: 0, warnings: 0
	module work.EDFD4BWP30P140:v
		errors: 0, warnings: 0
	module work.EDFQD1BWP30P140:v
		errors: 0, warnings: 0
	module work.EDFQD2BWP30P140:v
		errors: 0, warnings: 0
	module work.EDFQD4BWP30P140:v
		errors: 0, warnings: 0
	module work.FA1D0BWP30P140:v
		errors: 0, warnings: 0
	module work.FA1D1BWP30P140:v
		errors: 0, warnings: 0
	module work.FA1D2BWP30P140:v
		errors: 0, warnings: 0
	module work.FA1D4BWP30P140:v
		errors: 0, warnings: 0
	module work.FA1OPTCD1BWP30P140:v
		errors: 0, warnings: 0
	module work.FA1OPTCD2BWP30P140:v
		errors: 0, warnings: 0
	module work.FA1OPTSD1BWP30P140:v
		errors: 0, warnings: 0
	module work.FA1OPTSD2BWP30P140:v
		errors: 0, warnings: 0
	module work.FILL16BWP30P140:v
		errors: 0, warnings: 0
	module work.FILL2BWP30P140:v
		errors: 0, warnings: 0
	module work.FILL32BWP30P140:v
		errors: 0, warnings: 0
	module work.FILL3BWP30P140:v
		errors: 0, warnings: 0
	module work.FILL4BWP30P140:v
		errors: 0, warnings: 0
	module work.FILL64BWP30P140:v
		errors: 0, warnings: 0
	module work.FILL8BWP30P140:v
		errors: 0, warnings: 0
	module work.GAN2D1BWP30P140:v
		errors: 0, warnings: 0
	module work.GAN2D2BWP30P140:v
		errors: 0, warnings: 0
	module work.GAN2MCOD1BWP30P140:v
		errors: 0, warnings: 0
	module work.GAN2MCOD2BWP30P140:v
		errors: 0, warnings: 0
	module work.GAOI21D1BWP30P140:v
		errors: 0, warnings: 0
	module work.GAOI21D2BWP30P140:v
		errors: 0, warnings: 0
	module work.GAOI21MCOD1BWP30P140:v
		errors: 0, warnings: 0
	module work.GAOI21MCOD2BWP30P140:v
		errors: 0, warnings: 0
	module work.GAOI22D1BWP30P140:v
		errors: 0, warnings: 0
	module work.GAOI22MCOD1BWP30P140:v
		errors: 0, warnings: 0
	module work.GBUFFD1BWP30P140:v
		errors: 0, warnings: 0
	module work.GBUFFD2BWP30P140:v
		errors: 0, warnings: 0
	module work.GBUFFD3BWP30P140:v
		errors: 0, warnings: 0
	module work.GBUFFD4BWP30P140:v
		errors: 0, warnings: 0
	module work.GBUFFD8BWP30P140:v
		errors: 0, warnings: 0
	module work.GBUFFMCOD1BWP30P140:v
		errors: 0, warnings: 0
	module work.GBUFFMCOD2BWP30P140:v
		errors: 0, warnings: 0
	module work.GBUFFMCOD3BWP30P140:v
		errors: 0, warnings: 0
	module work.GBUFFMCOD4BWP30P140:v
		errors: 0, warnings: 0
	module work.GBUFFMCOD8BWP30P140:v
		errors: 0, warnings: 0
	module work.GDCAP10BWP30P140:v
		errors: 0, warnings: 0
	module work.GDCAP10MCOBWP30P140:v
		errors: 0, warnings: 0
	module work.GDCAP12BWP30P140:v
		errors: 0, warnings: 0
	module work.GDCAP12MCOBWP30P140:v
		errors: 0, warnings: 0
	module work.GDCAP2BWP30P140:v
		errors: 0, warnings: 0
	module work.GDCAP2MCOBWP30P140:v
		errors: 0, warnings: 0
	module work.GDCAP3BWP30P140:v
		errors: 0, warnings: 0
	module work.GDCAP3MCOBWP30P140:v
		errors: 0, warnings: 0
	module work.GDCAP4BWP30P140:v
		errors: 0, warnings: 0
	module work.GDCAP4MCOBWP30P140:v
		errors: 0, warnings: 0
	module work.GDCAPBWP30P140:v
		errors: 0, warnings: 0
	module work.GDCAPMCOBWP30P140:v
		errors: 0, warnings: 0
	module work.GDFCNQD1BWP30P140:v
		errors: 0, warnings: 0
	module work.GDFCNQMCOD1BWP30P140:v
		errors: 0, warnings: 0
	module work.GDFQD1BWP30P140:v
		errors: 0, warnings: 0
	module work.GDFQMCOD1BWP30P140:v
		errors: 0, warnings: 0
	module work.GFILL10BWP30P140:v
		errors: 0, warnings: 0
	module work.GFILL10MCOBWP30P140:v
		errors: 0, warnings: 0
	module work.GFILL12BWP30P140:v
		errors: 0, warnings: 0
	module work.GFILL12MCOBWP30P140:v
		errors: 0, warnings: 0
	module work.GFILL2BWP30P140:v
		errors: 0, warnings: 0
	module work.GFILL2MCOBWP30P140:v
		errors: 0, warnings: 0
	module work.GFILL3BWP30P140:v
		errors: 0, warnings: 0
	module work.GFILL3MCOBWP30P140:v
		errors: 0, warnings: 0
	module work.GFILL4BWP30P140:v
		errors: 0, warnings: 0
	module work.GFILL4MCOBWP30P140:v
		errors: 0, warnings: 0
	module work.GFILLBWP30P140:v
		errors: 0, warnings: 0
	module work.GFILLMCOBWP30P140:v
		errors: 0, warnings: 0
	module work.GINVD1BWP30P140:v
		errors: 0, warnings: 0
	module work.GINVD2BWP30P140:v
		errors: 0, warnings: 0
	module work.GINVD3BWP30P140:v
		errors: 0, warnings: 0
	module work.GINVD4BWP30P140:v
		errors: 0, warnings: 0
	module work.GINVD8BWP30P140:v
		errors: 0, warnings: 0
	module work.GINVMCOD1BWP30P140:v
		errors: 0, warnings: 0
	module work.GINVMCOD2BWP30P140:v
		errors: 0, warnings: 0
	module work.GINVMCOD3BWP30P140:v
		errors: 0, warnings: 0
	module work.GINVMCOD4BWP30P140:v
		errors: 0, warnings: 0
	module work.GINVMCOD8BWP30P140:v
		errors: 0, warnings: 0
	module work.GMUX2D1BWP30P140:v
		errors: 0, warnings: 0
	module work.GMUX2D2BWP30P140:v
		errors: 0, warnings: 0
	module work.GMUX2MCOD1BWP30P140:v
		errors: 0, warnings: 0
	module work.GMUX2MCOD2BWP30P140:v
		errors: 0, warnings: 0
	module work.GMUX2ND1BWP30P140:v
		errors: 0, warnings: 0
	module work.GMUX2ND2BWP30P140:v
		errors: 0, warnings: 0
	module work.GMUX2NMCOD1BWP30P140:v
		errors: 0, warnings: 0
	module work.GMUX2NMCOD2BWP30P140:v
		errors: 0, warnings: 0
	module work.GND2D1BWP30P140:v
		errors: 0, warnings: 0
	module work.GND2D2BWP30P140:v
		errors: 0, warnings: 0
	module work.GND2D3BWP30P140:v
		errors: 0, warnings: 0
	module work.GND2D4BWP30P140:v
		errors: 0, warnings: 0
	module work.GND2MCOD1BWP30P140:v
		errors: 0, warnings: 0
	module work.GND2MCOD2BWP30P140:v
		errors: 0, warnings: 0
	module work.GND2MCOD3BWP30P140:v
		errors: 0, warnings: 0
	module work.GND2MCOD4BWP30P140:v
		errors: 0, warnings: 0
	module work.GND3D1BWP30P140:v
		errors: 0, warnings: 0
	module work.GND3D2BWP30P140:v
		errors: 0, warnings: 0
	module work.GND3MCOD1BWP30P140:v
		errors: 0, warnings: 0
	module work.GND3MCOD2BWP30P140:v
		errors: 0, warnings: 0
	module work.GNR2D1BWP30P140:v
		errors: 0, warnings: 0
	module work.GNR2D2BWP30P140:v
		errors: 0, warnings: 0
	module work.GNR2MCOD1BWP30P140:v
		errors: 0, warnings: 0
	module work.GNR2MCOD2BWP30P140:v
		errors: 0, warnings: 0
	module work.GNR3D1BWP30P140:v
		errors: 0, warnings: 0
	module work.GNR3D2BWP30P140:v
		errors: 0, warnings: 0
	module work.GNR3MCOD1BWP30P140:v
		errors: 0, warnings: 0
	module work.GNR3MCOD2BWP30P140:v
		errors: 0, warnings: 0
	module work.GOAI21D1BWP30P140:v
		errors: 0, warnings: 0
	module work.GOAI21D2BWP30P140:v
		errors: 0, warnings: 0
	module work.GOAI21MCOD1BWP30P140:v
		errors: 0, warnings: 0
	module work.GOAI21MCOD2BWP30P140:v
		errors: 0, warnings: 0
	module work.GOR2D1BWP30P140:v
		errors: 0, warnings: 0
	module work.GOR2D2BWP30P140:v
		errors: 0, warnings: 0
	module work.GOR2MCOD1BWP30P140:v
		errors: 0, warnings: 0
	module work.GOR2MCOD2BWP30P140:v
		errors: 0, warnings: 0
	module work.GSDFCNQD1BWP30P140:v
		errors: 0, warnings: 0
	module work.GSDFCNQMCOD1BWP30P140:v
		errors: 0, warnings: 0
	module work.GTIEHBWP30P140:v
		errors: 0, warnings: 0
	module work.GTIEHMCOBWP30P140:v
		errors: 0, warnings: 0
	module work.GTIELBWP30P140:v
		errors: 0, warnings: 0
	module work.GTIELMCOBWP30P140:v
		errors: 0, warnings: 0
	module work.GXNR2D1BWP30P140:v
		errors: 0, warnings: 0
	module work.GXNR2D2BWP30P140:v
		errors: 0, warnings: 0
	module work.GXNR2MCOD1BWP30P140:v
		errors: 0, warnings: 0
	module work.GXNR2MCOD2BWP30P140:v
		errors: 0, warnings: 0
	module work.GXOR2D1BWP30P140:v
		errors: 0, warnings: 0
	module work.GXOR2D2BWP30P140:v
		errors: 0, warnings: 0
	module work.GXOR2MCOD1BWP30P140:v
		errors: 0, warnings: 0
	module work.GXOR2MCOD2BWP30P140:v
		errors: 0, warnings: 0
	module work.HA1D0BWP30P140:v
		errors: 0, warnings: 0
	module work.HA1D1BWP30P140:v
		errors: 0, warnings: 0
	module work.HA1D2BWP30P140:v
		errors: 0, warnings: 0
	module work.HA1D4BWP30P140:v
		errors: 0, warnings: 0
	module work.IAO21D0BWP30P140:v
		errors: 0, warnings: 0
	module work.IAO21D1BWP30P140:v
		errors: 0, warnings: 0
	module work.IAO21D2BWP30P140:v
		errors: 0, warnings: 0
	module work.IAO21D4BWP30P140:v
		errors: 0, warnings: 0
	module work.IAO22D0BWP30P140:v
		errors: 0, warnings: 0
	module work.IAO22D1BWP30P140:v
		errors: 0, warnings: 0
	module work.IAO22D2BWP30P140:v
		errors: 0, warnings: 0
	module work.IAO22D4BWP30P140:v
		errors: 0, warnings: 0
	module work.IND2D0BWP30P140:v
		errors: 0, warnings: 0
	module work.IND2D16BWP30P140:v
		errors: 0, warnings: 0
	module work.IND2D1BWP30P140:v
		errors: 0, warnings: 0
	module work.IND2D2BWP30P140:v
		errors: 0, warnings: 0
	module work.IND2D4BWP30P140:v
		errors: 0, warnings: 0
	module work.IND2D6BWP30P140:v
		errors: 0, warnings: 0
	module work.IND2D8BWP30P140:v
		errors: 0, warnings: 0
	module work.IND3D0BWP30P140:v
		errors: 0, warnings: 0
	module work.IND3D16BWP30P140:v
		errors: 0, warnings: 0
	module work.IND3D1BWP30P140:v
		errors: 0, warnings: 0
	module work.IND3D2BWP30P140:v
		errors: 0, warnings: 0
	module work.IND3D4BWP30P140:v
		errors: 0, warnings: 0
	module work.IND3D6BWP30P140:v
		errors: 0, warnings: 0
	module work.IND3D8BWP30P140:v
		errors: 0, warnings: 0
	module work.IND4D0BWP30P140:v
		errors: 0, warnings: 0
	module work.IND4D1BWP30P140:v
		errors: 0, warnings: 0
	module work.IND4D2BWP30P140:v
		errors: 0, warnings: 0
	module work.IND4D4BWP30P140:v
		errors: 0, warnings: 0
	module work.INR2D0BWP30P140:v
		errors: 0, warnings: 0
	module work.INR2D16BWP30P140:v
		errors: 0, warnings: 0
	module work.INR2D1BWP30P140:v
		errors: 0, warnings: 0
	module work.INR2D2BWP30P140:v
		errors: 0, warnings: 0
	module work.INR2D4BWP30P140:v
		errors: 0, warnings: 0
	module work.INR2D6BWP30P140:v
		errors: 0, warnings: 0
	module work.INR2D8BWP30P140:v
		errors: 0, warnings: 0
	module work.INR3D0BWP30P140:v
		errors: 0, warnings: 0
	module work.INR3D16BWP30P140:v
		errors: 0, warnings: 0
	module work.INR3D1BWP30P140:v
		errors: 0, warnings: 0
	module work.INR3D2BWP30P140:v
		errors: 0, warnings: 0
	module work.INR3D4BWP30P140:v
		errors: 0, warnings: 0
	module work.INR3D6BWP30P140:v
		errors: 0, warnings: 0
	module work.INR3D8BWP30P140:v
		errors: 0, warnings: 0
	module work.INR4D0BWP30P140:v
		errors: 0, warnings: 0
	module work.INR4D1BWP30P140:v
		errors: 0, warnings: 0
	module work.INR4D2BWP30P140:v
		errors: 0, warnings: 0
	module work.INR4D4BWP30P140:v
		errors: 0, warnings: 0
	module work.INVD0BWP30P140:v
		errors: 0, warnings: 0
	module work.INVD0P7BWP30P140:v
		errors: 0, warnings: 0
	module work.INVD12BWP30P140:v
		errors: 0, warnings: 0
	module work.INVD15BWP30P140:v
		errors: 0, warnings: 0
	module work.INVD16BWP30P140:v
		errors: 0, warnings: 0
	module work.INVD18BWP30P140:v
		errors: 0, warnings: 0
	module work.INVD1BWP30P140:v
		errors: 0, warnings: 0
	module work.INVD1P5BWP30P140:v
		errors: 0, warnings: 0
	module work.INVD20BWP30P140:v
		errors: 0, warnings: 0
	module work.INVD21BWP30P140:v
		errors: 0, warnings: 0
	module work.INVD24BWP30P140:v
		errors: 0, warnings: 0
	module work.INVD2BWP30P140:v
		errors: 0, warnings: 0
	module work.INVD32BWP30P140:v
		errors: 0, warnings: 0
	module work.INVD3BWP30P140:v
		errors: 0, warnings: 0
	module work.INVD4BWP30P140:v
		errors: 0, warnings: 0
	module work.INVD6BWP30P140:v
		errors: 0, warnings: 0
	module work.INVD8BWP30P140:v
		errors: 0, warnings: 0
	module work.INVD9BWP30P140:v
		errors: 0, warnings: 0
	module work.IOA21D0BWP30P140:v
		errors: 0, warnings: 0
	module work.IOA21D1BWP30P140:v
		errors: 0, warnings: 0
	module work.IOA21D2BWP30P140:v
		errors: 0, warnings: 0
	module work.IOA21D4BWP30P140:v
		errors: 0, warnings: 0
	module work.IOA22D0BWP30P140:v
		errors: 0, warnings: 0
	module work.IOA22D1BWP30P140:v
		errors: 0, warnings: 0
	module work.IOA22D2BWP30P140:v
		errors: 0, warnings: 0
	module work.IOA22D4BWP30P140:v
		errors: 0, warnings: 0
	module work.LHCNDD1BWP30P140:v
		errors: 0, warnings: 0
	module work.LHCNDD2BWP30P140:v
		errors: 0, warnings: 0
	module work.LHCNDD4BWP30P140:v
		errors: 0, warnings: 0
	module work.LHCNDQD1BWP30P140:v
		errors: 0, warnings: 0
	module work.LHCNDQD2BWP30P140:v
		errors: 0, warnings: 0
	module work.LHCNDQD4BWP30P140:v
		errors: 0, warnings: 0
	module work.LHCSNDD1BWP30P140:v
		errors: 0, warnings: 0
	module work.LHCSNDD2BWP30P140:v
		errors: 0, warnings: 0
	module work.LHCSNDD4BWP30P140:v
		errors: 0, warnings: 0
	module work.LHCSNDQD1BWP30P140:v
		errors: 0, warnings: 0
	module work.LHCSNDQD2BWP30P140:v
		errors: 0, warnings: 0
	module work.LHCSNDQD4BWP30P140:v
		errors: 0, warnings: 0
	module work.LHD1BWP30P140:v
		errors: 0, warnings: 0
	module work.LHD2BWP30P140:v
		errors: 0, warnings: 0
	module work.LHD4BWP30P140:v
		errors: 0, warnings: 0
	module work.LHQD1BWP30P140:v
		errors: 0, warnings: 0
	module work.LHQD2BWP30P140:v
		errors: 0, warnings: 0
	module work.LHQD4BWP30P140:v
		errors: 0, warnings: 0
	module work.LHQOPTDAD1BWP30P140:v
		errors: 0, warnings: 0
	module work.LHQOPTDAD2BWP30P140:v
		errors: 0, warnings: 0
	module work.LHQOPTDAD4BWP30P140:v
		errors: 0, warnings: 0
	module work.LHQOPTDAD8BWP30P140:v
		errors: 0, warnings: 0
	module work.LHSNDD1BWP30P140:v
		errors: 0, warnings: 0
	module work.LHSNDD2BWP30P140:v
		errors: 0, warnings: 0
	module work.LHSNDD4BWP30P140:v
		errors: 0, warnings: 0
	module work.LHSNDQD1BWP30P140:v
		errors: 0, warnings: 0
	module work.LHSNDQD2BWP30P140:v
		errors: 0, warnings: 0
	module work.LHSNDQD4BWP30P140:v
		errors: 0, warnings: 0
	module work.LNCNDD1BWP30P140:v
		errors: 0, warnings: 0
	module work.LNCNDD2BWP30P140:v
		errors: 0, warnings: 0
	module work.LNCNDD4BWP30P140:v
		errors: 0, warnings: 0
	module work.LNCNDQD1BWP30P140:v
		errors: 0, warnings: 0
	module work.LNCNDQD2BWP30P140:v
		errors: 0, warnings: 0
	module work.LNCNDQD4BWP30P140:v
		errors: 0, warnings: 0
	module work.LNCSNDD1BWP30P140:v
		errors: 0, warnings: 0
	module work.LNCSNDD2BWP30P140:v
		errors: 0, warnings: 0
	module work.LNCSNDD4BWP30P140:v
		errors: 0, warnings: 0
	module work.LNCSNDQD1BWP30P140:v
		errors: 0, warnings: 0
	module work.LNCSNDQD2BWP30P140:v
		errors: 0, warnings: 0
	module work.LNCSNDQD4BWP30P140:v
		errors: 0, warnings: 0
	module work.LND1BWP30P140:v
		errors: 0, warnings: 0
	module work.LND2BWP30P140:v
		errors: 0, warnings: 0
	module work.LND4BWP30P140:v
		errors: 0, warnings: 0
	module work.LNQD1BWP30P140:v
		errors: 0, warnings: 0
	module work.LNQD2BWP30P140:v
		errors: 0, warnings: 0
	module work.LNQD4BWP30P140:v
		errors: 0, warnings: 0
	module work.LNSNDD1BWP30P140:v
		errors: 0, warnings: 0
	module work.LNSNDD2BWP30P140:v
		errors: 0, warnings: 0
	module work.LNSNDD4BWP30P140:v
		errors: 0, warnings: 0
	module work.LNSNDQD1BWP30P140:v
		errors: 0, warnings: 0
	module work.LNSNDQD2BWP30P140:v
		errors: 0, warnings: 0
	module work.LNSNDQD4BWP30P140:v
		errors: 0, warnings: 0
	module work.MAOI222D0BWP30P140:v
		errors: 0, warnings: 0
	module work.MAOI222D1BWP30P140:v
		errors: 0, warnings: 0
	module work.MAOI222D2BWP30P140:v
		errors: 0, warnings: 0
	module work.MAOI222D4BWP30P140:v
		errors: 0, warnings: 0
	module work.MAOI22D0BWP30P140:v
		errors: 0, warnings: 0
	module work.MAOI22D1BWP30P140:v
		errors: 0, warnings: 0
	module work.MAOI22D2BWP30P140:v
		errors: 0, warnings: 0
	module work.MAOI22D4BWP30P140:v
		errors: 0, warnings: 0
	module work.MOAI22D0BWP30P140:v
		errors: 0, warnings: 0
	module work.MOAI22D1BWP30P140:v
		errors: 0, warnings: 0
	module work.MOAI22D2BWP30P140:v
		errors: 0, warnings: 0
	module work.MOAI22D4BWP30P140:v
		errors: 0, warnings: 0
	module work.MUX2D0BWP30P140:v
		errors: 0, warnings: 0
	module work.MUX2D1BWP30P140:v
		errors: 0, warnings: 0
	module work.MUX2D2BWP30P140:v
		errors: 0, warnings: 0
	module work.MUX2D4BWP30P140:v
		errors: 0, warnings: 0
	module work.MUX2ND0BWP30P140:v
		errors: 0, warnings: 0
	module work.MUX2ND1BWP30P140:v
		errors: 0, warnings: 0
	module work.MUX2ND2BWP30P140:v
		errors: 0, warnings: 0
	module work.MUX2ND4BWP30P140:v
		errors: 0, warnings: 0
	module work.MUX2NOPTD2BWP30P140:v
		errors: 0, warnings: 0
	module work.MUX2NOPTD4BWP30P140:v
		errors: 0, warnings: 0
	module work.MUX2NOPTD6BWP30P140:v
		errors: 0, warnings: 0
	module work.MUX2NOPTD8BWP30P140:v
		errors: 0, warnings: 0
	module work.MUX2NUD1BWP30P140:v
		errors: 0, warnings: 0
	module work.MUX2OPTD12BWP30P140:v
		errors: 0, warnings: 0
	module work.MUX2OPTD2BWP30P140:v
		errors: 0, warnings: 0
	module work.MUX2OPTD4BWP30P140:v
		errors: 0, warnings: 0
	module work.MUX2OPTD6BWP30P140:v
		errors: 0, warnings: 0
	module work.MUX2OPTD8BWP30P140:v
		errors: 0, warnings: 0
	module work.MUX3D0BWP30P140:v
		errors: 0, warnings: 0
	module work.MUX3D1BWP30P140:v
		errors: 0, warnings: 0
	module work.MUX3D2BWP30P140:v
		errors: 0, warnings: 0
	module work.MUX3D4BWP30P140:v
		errors: 0, warnings: 0
	module work.MUX3ND0BWP30P140:v
		errors: 0, warnings: 0
	module work.MUX3ND1BWP30P140:v
		errors: 0, warnings: 0
	module work.MUX3ND2BWP30P140:v
		errors: 0, warnings: 0
	module work.MUX3ND4BWP30P140:v
		errors: 0, warnings: 0
	module work.MUX3NUD1BWP30P140:v
		errors: 0, warnings: 0
	module work.MUX4D0BWP30P140:v
		errors: 0, warnings: 0
	module work.MUX4D1BWP30P140:v
		errors: 0, warnings: 0
	module work.MUX4D2BWP30P140:v
		errors: 0, warnings: 0
	module work.MUX4D4BWP30P140:v
		errors: 0, warnings: 0
	module work.MUX4ND0BWP30P140:v
		errors: 0, warnings: 0
	module work.MUX4ND1BWP30P140:v
		errors: 0, warnings: 0
	module work.MUX4ND2BWP30P140:v
		errors: 0, warnings: 0
	module work.MUX4ND4BWP30P140:v
		errors: 0, warnings: 0
	module work.ND2D0BWP30P140:v
		errors: 0, warnings: 0
	module work.ND2D0P7BWP30P140:v
		errors: 0, warnings: 0
	module work.ND2D16BWP30P140:v
		errors: 0, warnings: 0
	module work.ND2D1BWP30P140:v
		errors: 0, warnings: 0
	module work.ND2D1P5BWP30P140:v
		errors: 0, warnings: 0
	module work.ND2D2BWP30P140:v
		errors: 0, warnings: 0
	module work.ND2D3BWP30P140:v
		errors: 0, warnings: 0
	module work.ND2D4BWP30P140:v
		errors: 0, warnings: 0
	module work.ND2D6BWP30P140:v
		errors: 0, warnings: 0
	module work.ND2D8BWP30P140:v
		errors: 0, warnings: 0
	module work.ND2OPTD12BWP30P140:v
		errors: 0, warnings: 0
	module work.ND2OPTD20BWP30P140:v
		errors: 0, warnings: 0
	module work.ND2OPTD6BWP30P140:v
		errors: 0, warnings: 0
	module work.ND2OPTIBD12BWP30P140:v
		errors: 0, warnings: 0
	module work.ND2OPTIBD16BWP30P140:v
		errors: 0, warnings: 0
	module work.ND2OPTIBD1BWP30P140:v
		errors: 0, warnings: 0
	module work.ND2OPTIBD20BWP30P140:v
		errors: 0, warnings: 0
	module work.ND2OPTIBD24BWP30P140:v
		errors: 0, warnings: 0
	module work.ND2OPTIBD2BWP30P140:v
		errors: 0, warnings: 0
	module work.ND2OPTIBD4BWP30P140:v
		errors: 0, warnings: 0
	module work.ND2OPTIBD6BWP30P140:v
		errors: 0, warnings: 0
	module work.ND2OPTIBD8BWP30P140:v
		errors: 0, warnings: 0
	module work.ND2OPTPAD12BWP30P140:v
		errors: 0, warnings: 0
	module work.ND2OPTPAD16BWP30P140:v
		errors: 0, warnings: 0
	module work.ND2OPTPAD1BWP30P140:v
		errors: 0, warnings: 0
	module work.ND2OPTPAD20BWP30P140:v
		errors: 0, warnings: 0
	module work.ND2OPTPAD2BWP30P140:v
		errors: 0, warnings: 0
	module work.ND2OPTPAD4BWP30P140:v
		errors: 0, warnings: 0
	module work.ND2OPTPAD6BWP30P140:v
		errors: 0, warnings: 0
	module work.ND2OPTPAD8BWP30P140:v
		errors: 0, warnings: 0
	module work.ND3D0BWP30P140:v
		errors: 0, warnings: 0
	module work.ND3D0P7BWP30P140:v
		errors: 0, warnings: 0
	module work.ND3D16BWP30P140:v
		errors: 0, warnings: 0
	module work.ND3D1BWP30P140:v
		errors: 0, warnings: 0
	module work.ND3D1P5BWP30P140:v
		errors: 0, warnings: 0
	module work.ND3D2BWP30P140:v
		errors: 0, warnings: 0
	module work.ND3D3BWP30P140:v
		errors: 0, warnings: 0
	module work.ND3D4BWP30P140:v
		errors: 0, warnings: 0
	module work.ND3D6BWP30P140:v
		errors: 0, warnings: 0
	module work.ND3D8BWP30P140:v
		errors: 0, warnings: 0
	module work.ND3OPTD12BWP30P140:v
		errors: 0, warnings: 0
	module work.ND3OPTD6BWP30P140:v
		errors: 0, warnings: 0
	module work.ND3OPTPAD12BWP30P140:v
		errors: 0, warnings: 0
	module work.ND3OPTPAD16BWP30P140:v
		errors: 0, warnings: 0
	module work.ND3OPTPAD1BWP30P140:v
		errors: 0, warnings: 0
	module work.ND3OPTPAD2BWP30P140:v
		errors: 0, warnings: 0
	module work.ND3OPTPAD4BWP30P140:v
		errors: 0, warnings: 0
	module work.ND3OPTPAD6BWP30P140:v
		errors: 0, warnings: 0
	module work.ND3OPTPAD8BWP30P140:v
		errors: 0, warnings: 0
	module work.ND4D0BWP30P140:v
		errors: 0, warnings: 0
	module work.ND4D1BWP30P140:v
		errors: 0, warnings: 0
	module work.ND4D2BWP30P140:v
		errors: 0, warnings: 0
	module work.ND4D3BWP30P140:v
		errors: 0, warnings: 0
	module work.ND4D4BWP30P140:v
		errors: 0, warnings: 0
	module work.ND4D8BWP30P140:v
		errors: 0, warnings: 0
	module work.NR2D0BWP30P140:v
		errors: 0, warnings: 0
	module work.NR2D0P7BWP30P140:v
		errors: 0, warnings: 0
	module work.NR2D16BWP30P140:v
		errors: 0, warnings: 0
	module work.NR2D1BWP30P140:v
		errors: 0, warnings: 0
	module work.NR2D1P5BWP30P140:v
		errors: 0, warnings: 0
	module work.NR2D2BWP30P140:v
		errors: 0, warnings: 0
	module work.NR2D3BWP30P140:v
		errors: 0, warnings: 0
	module work.NR2D4BWP30P140:v
		errors: 0, warnings: 0
	module work.NR2D6BWP30P140:v
		errors: 0, warnings: 0
	module work.NR2D8BWP30P140:v
		errors: 0, warnings: 0
	module work.NR2OPTD12BWP30P140:v
		errors: 0, warnings: 0
	module work.NR2OPTD20BWP30P140:v
		errors: 0, warnings: 0
	module work.NR2OPTD6BWP30P140:v
		errors: 0, warnings: 0
	module work.NR2OPTIBD12BWP30P140:v
		errors: 0, warnings: 0
	module work.NR2OPTIBD16BWP30P140:v
		errors: 0, warnings: 0
	module work.NR2OPTIBD1BWP30P140:v
		errors: 0, warnings: 0
	module work.NR2OPTIBD20BWP30P140:v
		errors: 0, warnings: 0
	module work.NR2OPTIBD24BWP30P140:v
		errors: 0, warnings: 0
	module work.NR2OPTIBD2BWP30P140:v
		errors: 0, warnings: 0
	module work.NR2OPTIBD4BWP30P140:v
		errors: 0, warnings: 0
	module work.NR2OPTIBD6BWP30P140:v
		errors: 0, warnings: 0
	module work.NR2OPTIBD8BWP30P140:v
		errors: 0, warnings: 0
	module work.NR2OPTPAD12BWP30P140:v
		errors: 0, warnings: 0
	module work.NR2OPTPAD16BWP30P140:v
		errors: 0, warnings: 0
	module work.NR2OPTPAD1BWP30P140:v
		errors: 0, warnings: 0
	module work.NR2OPTPAD20BWP30P140:v
		errors: 0, warnings: 0
	module work.NR2OPTPAD2BWP30P140:v
		errors: 0, warnings: 0
	module work.NR2OPTPAD4BWP30P140:v
		errors: 0, warnings: 0
	module work.NR2OPTPAD6BWP30P140:v
		errors: 0, warnings: 0
	module work.NR2OPTPAD8BWP30P140:v
		errors: 0, warnings: 0
	module work.NR3D0BWP30P140:v
		errors: 0, warnings: 0
	module work.NR3D0P7BWP30P140:v
		errors: 0, warnings: 0
	module work.NR3D16BWP30P140:v
		errors: 0, warnings: 0
	module work.NR3D1BWP30P140:v
		errors: 0, warnings: 0
	module work.NR3D1P5BWP30P140:v
		errors: 0, warnings: 0
	module work.NR3D2BWP30P140:v
		errors: 0, warnings: 0
	module work.NR3D3BWP30P140:v
		errors: 0, warnings: 0
	module work.NR3D4BWP30P140:v
		errors: 0, warnings: 0
	module work.NR3D6BWP30P140:v
		errors: 0, warnings: 0
	module work.NR3D8BWP30P140:v
		errors: 0, warnings: 0
	module work.NR3OPTD12BWP30P140:v
		errors: 0, warnings: 0
	module work.NR3OPTD6BWP30P140:v
		errors: 0, warnings: 0
	module work.NR3OPTPAD12BWP30P140:v
		errors: 0, warnings: 0
	module work.NR3OPTPAD16BWP30P140:v
		errors: 0, warnings: 0
	module work.NR3OPTPAD1BWP30P140:v
		errors: 0, warnings: 0
	module work.NR3OPTPAD2BWP30P140:v
		errors: 0, warnings: 0
	module work.NR3OPTPAD4BWP30P140:v
		errors: 0, warnings: 0
	module work.NR3OPTPAD6BWP30P140:v
		errors: 0, warnings: 0
	module work.NR3OPTPAD8BWP30P140:v
		errors: 0, warnings: 0
	module work.NR4D0BWP30P140:v
		errors: 0, warnings: 0
	module work.NR4D1BWP30P140:v
		errors: 0, warnings: 0
	module work.NR4D2BWP30P140:v
		errors: 0, warnings: 0
	module work.NR4D3BWP30P140:v
		errors: 0, warnings: 0
	module work.NR4D4BWP30P140:v
		errors: 0, warnings: 0
	module work.NR4D8BWP30P140:v
		errors: 0, warnings: 0
	module work.OA211D0BWP30P140:v
		errors: 0, warnings: 0
	module work.OA211D1BWP30P140:v
		errors: 0, warnings: 0
	module work.OA211D2BWP30P140:v
		errors: 0, warnings: 0
	module work.OA211D4BWP30P140:v
		errors: 0, warnings: 0
	module work.OA21D0BWP30P140:v
		errors: 0, warnings: 0
	module work.OA21D16BWP30P140:v
		errors: 0, warnings: 0
	module work.OA21D1BWP30P140:v
		errors: 0, warnings: 0
	module work.OA21D2BWP30P140:v
		errors: 0, warnings: 0
	module work.OA21D4BWP30P140:v
		errors: 0, warnings: 0
	module work.OA21D6BWP30P140:v
		errors: 0, warnings: 0
	module work.OA21D8BWP30P140:v
		errors: 0, warnings: 0
	module work.OA22D0BWP30P140:v
		errors: 0, warnings: 0
	module work.OA22D16BWP30P140:v
		errors: 0, warnings: 0
	module work.OA22D1BWP30P140:v
		errors: 0, warnings: 0
	module work.OA22D2BWP30P140:v
		errors: 0, warnings: 0
	module work.OA22D4BWP30P140:v
		errors: 0, warnings: 0
	module work.OA22D6BWP30P140:v
		errors: 0, warnings: 0
	module work.OA22D8BWP30P140:v
		errors: 0, warnings: 0
	module work.OAI211D0BWP30P140:v
		errors: 0, warnings: 0
	module work.OAI211D1BWP30P140:v
		errors: 0, warnings: 0
	module work.OAI211D2BWP30P140:v
		errors: 0, warnings: 0
	module work.OAI211D4BWP30P140:v
		errors: 0, warnings: 0
	module work.OAI211OPTD6BWP30P140:v
		errors: 0, warnings: 0
	module work.OAI211OPTD8BWP30P140:v
		errors: 0, warnings: 0
	module work.OAI211OPTREPBD12BWP30P140:v
		errors: 0, warnings: 0
	module work.OAI211OPTREPBD16BWP30P140:v
		errors: 0, warnings: 0
	module work.OAI211OPTREPBD1BWP30P140:v
		errors: 0, warnings: 0
	module work.OAI211OPTREPBD2BWP30P140:v
		errors: 0, warnings: 0
	module work.OAI211OPTREPBD4BWP30P140:v
		errors: 0, warnings: 0
	module work.OAI211OPTREPBD6BWP30P140:v
		errors: 0, warnings: 0
	module work.OAI211OPTREPBD8BWP30P140:v
		errors: 0, warnings: 0
	module work.OAI21D0BWP30P140:v
		errors: 0, warnings: 0
	module work.OAI21D0P7BWP30P140:v
		errors: 0, warnings: 0
	module work.OAI21D16BWP30P140:v
		errors: 0, warnings: 0
	module work.OAI21D1BWP30P140:v
		errors: 0, warnings: 0
	module work.OAI21D1P5BWP30P140:v
		errors: 0, warnings: 0
	module work.OAI21D2BWP30P140:v
		errors: 0, warnings: 0
	module work.OAI21D4BWP30P140:v
		errors: 0, warnings: 0
	module work.OAI21D6BWP30P140:v
		errors: 0, warnings: 0
	module work.OAI21D8BWP30P140:v
		errors: 0, warnings: 0
	module work.OAI21OPTREPBD12BWP30P140:v
		errors: 0, warnings: 0
	module work.OAI21OPTREPBD16BWP30P140:v
		errors: 0, warnings: 0
	module work.OAI21OPTREPBD1BWP30P140:v
		errors: 0, warnings: 0
	module work.OAI21OPTREPBD2BWP30P140:v
		errors: 0, warnings: 0
	module work.OAI21OPTREPBD4BWP30P140:v
		errors: 0, warnings: 0
	module work.OAI21OPTREPBD6BWP30P140:v
		errors: 0, warnings: 0
	module work.OAI21OPTREPBD8BWP30P140:v
		errors: 0, warnings: 0
	module work.OAI221D0BWP30P140:v
		errors: 0, warnings: 0
	module work.OAI221D1BWP30P140:v
		errors: 0, warnings: 0
	module work.OAI221D2BWP30P140:v
		errors: 0, warnings: 0
	module work.OAI221D4BWP30P140:v
		errors: 0, warnings: 0
	module work.OAI222D0BWP30P140:v
		errors: 0, warnings: 0
	module work.OAI222D1BWP30P140:v
		errors: 0, warnings: 0
	module work.OAI222D2BWP30P140:v
		errors: 0, warnings: 0
	module work.OAI222D4BWP30P140:v
		errors: 0, warnings: 0
	module work.OAI22D0BWP30P140:v
		errors: 0, warnings: 0
	module work.OAI22D0P7BWP30P140:v
		errors: 0, warnings: 0
	module work.OAI22D16BWP30P140:v
		errors: 0, warnings: 0
	module work.OAI22D1BWP30P140:v
		errors: 0, warnings: 0
	module work.OAI22D1P5BWP30P140:v
		errors: 0, warnings: 0
	module work.OAI22D2BWP30P140:v
		errors: 0, warnings: 0
	module work.OAI22D4BWP30P140:v
		errors: 0, warnings: 0
	module work.OAI22D6BWP30P140:v
		errors: 0, warnings: 0
	module work.OAI22D8BWP30P140:v
		errors: 0, warnings: 0
	module work.OAI22OPTPBD12BWP30P140:v
		errors: 0, warnings: 0
	module work.OAI22OPTPBD16BWP30P140:v
		errors: 0, warnings: 0
	module work.OAI22OPTPBD1BWP30P140:v
		errors: 0, warnings: 0
	module work.OAI22OPTPBD2BWP30P140:v
		errors: 0, warnings: 0
	module work.OAI22OPTPBD4BWP30P140:v
		errors: 0, warnings: 0
	module work.OAI22OPTPBD6BWP30P140:v
		errors: 0, warnings: 0
	module work.OAI22OPTPBD8BWP30P140:v
		errors: 0, warnings: 0
	module work.OAI31D0BWP30P140:v
		errors: 0, warnings: 0
	module work.OAI31D1BWP30P140:v
		errors: 0, warnings: 0
	module work.OAI31D2BWP30P140:v
		errors: 0, warnings: 0
	module work.OAI31D4BWP30P140:v
		errors: 0, warnings: 0
	module work.OAI32D0BWP30P140:v
		errors: 0, warnings: 0
	module work.OAI32D1BWP30P140:v
		errors: 0, warnings: 0
	module work.OAI32D2BWP30P140:v
		errors: 0, warnings: 0
	module work.OAI32D4BWP30P140:v
		errors: 0, warnings: 0
	module work.OAI33D0BWP30P140:v
		errors: 0, warnings: 0
	module work.OAI33D1BWP30P140:v
		errors: 0, warnings: 0
	module work.OAI33D2BWP30P140:v
		errors: 0, warnings: 0
	module work.OAI33D4BWP30P140:v
		errors: 0, warnings: 0
	module work.OD18DCAP16BWP30P140:v
		errors: 0, warnings: 0
	module work.OD18DCAP32BWP30P140:v
		errors: 0, warnings: 0
	module work.OD18DCAP64BWP30P140:v
		errors: 0, warnings: 0
	module work.OR2D0BWP30P140:v
		errors: 0, warnings: 0
	module work.OR2D16BWP30P140:v
		errors: 0, warnings: 0
	module work.OR2D1BWP30P140:v
		errors: 0, warnings: 0
	module work.OR2D2BWP30P140:v
		errors: 0, warnings: 0
	module work.OR2D4BWP30P140:v
		errors: 0, warnings: 0
	module work.OR2D6BWP30P140:v
		errors: 0, warnings: 0
	module work.OR2D8BWP30P140:v
		errors: 0, warnings: 0
	module work.OR3D0BWP30P140:v
		errors: 0, warnings: 0
	module work.OR3D16BWP30P140:v
		errors: 0, warnings: 0
	module work.OR3D1BWP30P140:v
		errors: 0, warnings: 0
	module work.OR3D2BWP30P140:v
		errors: 0, warnings: 0
	module work.OR3D4BWP30P140:v
		errors: 0, warnings: 0
	module work.OR3D6BWP30P140:v
		errors: 0, warnings: 0
	module work.OR3D8BWP30P140:v
		errors: 0, warnings: 0
	module work.OR4D0BWP30P140:v
		errors: 0, warnings: 0
	module work.OR4D1BWP30P140:v
		errors: 0, warnings: 0
	module work.OR4D2BWP30P140:v
		errors: 0, warnings: 0
	module work.OR4D4BWP30P140:v
		errors: 0, warnings: 0
	module work.OR4D8BWP30P140:v
		errors: 0, warnings: 0
	module work.SDFCNARD1BWP30P140:v
		errors: 0, warnings: 0
	module work.SDFCNARD2BWP30P140:v
		errors: 0, warnings: 0
	module work.SDFCNARD4BWP30P140:v
		errors: 0, warnings: 0
	module work.SDFCND0BWP30P140:v
		errors: 0, warnings: 0
	module work.SDFCND1BWP30P140:v
		errors: 0, warnings: 0
	module work.SDFCND2BWP30P140:v
		errors: 0, warnings: 0
	module work.SDFCND4BWP30P140:v
		errors: 0, warnings: 0
	module work.SDFCNOPTBD1BWP30P140:v
		errors: 0, warnings: 0
	module work.SDFCNOPTBD2BWP30P140:v
		errors: 0, warnings: 0
	module work.SDFCNOPTBD4BWP30P140:v
		errors: 0, warnings: 0
	module work.SDFCNOPTMAD12BWP30P140:v
		errors: 0, warnings: 0
	module work.SDFCNOPTMAD4BWP30P140:v
		errors: 0, warnings: 0
	module work.SDFCNOPTMAD8BWP30P140:v
		errors: 0, warnings: 0
	module work.SDFCNOPTMCD12BWP30P140:v
		errors: 0, warnings: 0
	module work.SDFCNOPTMCD8BWP30P140:v
		errors: 0, warnings: 0
	module work.SDFCNOPTSADD12BWP30P140:v
		errors: 0, warnings: 0
	module work.SDFCNOPTSADD4BWP30P140:v
		errors: 0, warnings: 0
	module work.SDFCNOPTSADD8BWP30P140:v
		errors: 0, warnings: 0
	module work.SDFCNQARD1BWP30P140:v
		errors: 0, warnings: 0
	module work.SDFCNQARD2BWP30P140:v
		errors: 0, warnings: 0
	module work.SDFCNQARD4BWP30P140:v
		errors: 0, warnings: 0
	module work.SDFCNQD0BWP30P140:v
		errors: 0, warnings: 0
	module work.SDFCNQD1BWP30P140:v
		errors: 0, warnings: 0
	module work.SDFCNQD2BWP30P140:v
		errors: 0, warnings: 0
	module work.SDFCNQD4BWP30P140:v
		errors: 0, warnings: 0
	module work.SDFCNQOPTBD1BWP30P140:v
		errors: 0, warnings: 0
	module work.SDFCNQOPTBD2BWP30P140:v
		errors: 0, warnings: 0
	module work.SDFCNQOPTBD4BWP30P140:v
		errors: 0, warnings: 0
	module work.SDFCNQOPTMAD12BWP30P140:v
		errors: 0, warnings: 0
	module work.SDFCNQOPTMAD4BWP30P140:v
		errors: 0, warnings: 0
	module work.SDFCNQOPTMAD8BWP30P140:v
		errors: 0, warnings: 0
	module work.SDFCNQOPTMCD12BWP30P140:v
		errors: 0, warnings: 0
	module work.SDFCNQOPTMCD8BWP30P140:v
		errors: 0, warnings: 0
	module work.SDFCNQOPTSADD12BWP30P140:v
		errors: 0, warnings: 0
	module work.SDFCNQOPTSADD4BWP30P140:v
		errors: 0, warnings: 0
	module work.SDFCNQOPTSADD8BWP30P140:v
		errors: 0, warnings: 0
	module work.SDFCSNARD1BWP30P140:v
		errors: 0, warnings: 0
	module work.SDFCSND0BWP30P140:v
		errors: 0, warnings: 0
	module work.SDFCSND1BWP30P140:v
		errors: 0, warnings: 0
	module work.SDFCSND2BWP30P140:v
		errors: 0, warnings: 0
	module work.SDFCSND4BWP30P140:v
		errors: 0, warnings: 0
	module work.SDFCSNQD0BWP30P140:v
		errors: 0, warnings: 0
	module work.SDFCSNQD1BWP30P140:v
		errors: 0, warnings: 0
	module work.SDFCSNQD2BWP30P140:v
		errors: 0, warnings: 0
	module work.SDFCSNQD4BWP30P140:v
		errors: 0, warnings: 0
	module work.SDFD0BWP30P140:v
		errors: 0, warnings: 0
	module work.SDFD1BWP30P140:v
		errors: 0, warnings: 0
	module work.SDFD2BWP30P140:v
		errors: 0, warnings: 0
	module work.SDFD4BWP30P140:v
		errors: 0, warnings: 0
	module work.SDFKCNARD1BWP30P140:v
		errors: 0, warnings: 0
	module work.SDFKCNARD2BWP30P140:v
		errors: 0, warnings: 0
	module work.SDFKCNARD4BWP30P140:v
		errors: 0, warnings: 0
	module work.SDFKCND0BWP30P140:v
		errors: 0, warnings: 0
	module work.SDFKCND1BWP30P140:v
		errors: 0, warnings: 0
	module work.SDFKCND2BWP30P140:v
		errors: 0, warnings: 0
	module work.SDFKCND4BWP30P140:v
		errors: 0, warnings: 0
	module work.SDFKCNQARD1BWP30P140:v
		errors: 0, warnings: 0
	module work.SDFKCNQARD2BWP30P140:v
		errors: 0, warnings: 0
	module work.SDFKCNQARD4BWP30P140:v
		errors: 0, warnings: 0
	module work.SDFKCNQD0BWP30P140:v
		errors: 0, warnings: 0
	module work.SDFKCNQD1BWP30P140:v
		errors: 0, warnings: 0
	module work.SDFKCNQD2BWP30P140:v
		errors: 0, warnings: 0
	module work.SDFKCNQD4BWP30P140:v
		errors: 0, warnings: 0
	module work.SDFKCNQOPTMAD12BWP30P140:v
		errors: 0, warnings: 0
	module work.SDFKCNQOPTMAD4BWP30P140:v
		errors: 0, warnings: 0
	module work.SDFKCNQOPTMAD8BWP30P140:v
		errors: 0, warnings: 0
	module work.SDFKCSNARD1BWP30P140:v
		errors: 0, warnings: 0
	module work.SDFKCSND0BWP30P140:v
		errors: 0, warnings: 0
	module work.SDFKCSND1BWP30P140:v
		errors: 0, warnings: 0
	module work.SDFKCSND2BWP30P140:v
		errors: 0, warnings: 0
	module work.SDFKCSND4BWP30P140:v
		errors: 0, warnings: 0
	module work.SDFKCSNQD0BWP30P140:v
		errors: 0, warnings: 0
	module work.SDFKCSNQD1BWP30P140:v
		errors: 0, warnings: 0
	module work.SDFKCSNQD2BWP30P140:v
		errors: 0, warnings: 0
	module work.SDFKCSNQD4BWP30P140:v
		errors: 0, warnings: 0
	module work.SDFKSNARD1BWP30P140:v
		errors: 0, warnings: 0
	module work.SDFKSND0BWP30P140:v
		errors: 0, warnings: 0
	module work.SDFKSND1BWP30P140:v
		errors: 0, warnings: 0
	module work.SDFKSND2BWP30P140:v
		errors: 0, warnings: 0
	module work.SDFKSND4BWP30P140:v
		errors: 0, warnings: 0
	module work.SDFKSNQARD1BWP30P140:v
		errors: 0, warnings: 0
	module work.SDFKSNQD0BWP30P140:v
		errors: 0, warnings: 0
	module work.SDFKSNQD1BWP30P140:v
		errors: 0, warnings: 0
	module work.SDFKSNQD2BWP30P140:v
		errors: 0, warnings: 0
	module work.SDFKSNQD4BWP30P140:v
		errors: 0, warnings: 0
	module work.SDFMARD1BWP30P140:v
		errors: 0, warnings: 0
	module work.SDFMD0BWP30P140:v
		errors: 0, warnings: 0
	module work.SDFMD1BWP30P140:v
		errors: 0, warnings: 0
	module work.SDFMD2BWP30P140:v
		errors: 0, warnings: 0
	module work.SDFMD4BWP30P140:v
		errors: 0, warnings: 0
	module work.SDFMQARD1BWP30P140:v
		errors: 0, warnings: 0
	module work.SDFMQD0BWP30P140:v
		errors: 0, warnings: 0
	module work.SDFMQD1BWP30P140:v
		errors: 0, warnings: 0
	module work.SDFMQD2BWP30P140:v
		errors: 0, warnings: 0
	module work.SDFMQD4BWP30P140:v
		errors: 0, warnings: 0
	module work.SDFNCNARD1BWP30P140:v
		errors: 0, warnings: 0
	module work.SDFNCND0BWP30P140:v
		errors: 0, warnings: 0
	module work.SDFNCND1BWP30P140:v
		errors: 0, warnings: 0
	module work.SDFNCND2BWP30P140:v
		errors: 0, warnings: 0
	module work.SDFNCND4BWP30P140:v
		errors: 0, warnings: 0
	module work.SDFNCSNARD1BWP30P140:v
		errors: 0, warnings: 0
	module work.SDFNCSND0BWP30P140:v
		errors: 0, warnings: 0
	module work.SDFNCSND1BWP30P140:v
		errors: 0, warnings: 0
	module work.SDFNCSND2BWP30P140:v
		errors: 0, warnings: 0
	module work.SDFNCSND4BWP30P140:v
		errors: 0, warnings: 0
	module work.SDFND0BWP30P140:v
		errors: 0, warnings: 0
	module work.SDFND1BWP30P140:v
		errors: 0, warnings: 0
	module work.SDFND2BWP30P140:v
		errors: 0, warnings: 0
	module work.SDFND4BWP30P140:v
		errors: 0, warnings: 0
	module work.SDFNSND0BWP30P140:v
		errors: 0, warnings: 0
	module work.SDFNSND1BWP30P140:v
		errors: 0, warnings: 0
	module work.SDFNSND2BWP30P140:v
		errors: 0, warnings: 0
	module work.SDFNSND4BWP30P140:v
		errors: 0, warnings: 0
	module work.SDFNSYNCND1BWP30P140:v
		errors: 0, warnings: 0
	module work.SDFNSYNCND2BWP30P140:v
		errors: 0, warnings: 0
	module work.SDFNSYNCND4BWP30P140:v
		errors: 0, warnings: 0
	module work.SDFNSYNCSND1BWP30P140:v
		errors: 0, warnings: 0
	module work.SDFNSYNCSND2BWP30P140:v
		errors: 0, warnings: 0
	module work.SDFNSYNCSND4BWP30P140:v
		errors: 0, warnings: 0
	module work.SDFNSYND1BWP30P140:v
		errors: 0, warnings: 0
	module work.SDFNSYND2BWP30P140:v
		errors: 0, warnings: 0
	module work.SDFNSYND4BWP30P140:v
		errors: 0, warnings: 0
	module work.SDFNSYNSND1BWP30P140:v
		errors: 0, warnings: 0
	module work.SDFNSYNSND2BWP30P140:v
		errors: 0, warnings: 0
	module work.SDFNSYNSND4BWP30P140:v
		errors: 0, warnings: 0
	module work.SDFOPTBD1BWP30P140:v
		errors: 0, warnings: 0
	module work.SDFOPTBD2BWP30P140:v
		errors: 0, warnings: 0
	module work.SDFOPTBD4BWP30P140:v
		errors: 0, warnings: 0
	module work.SDFOPTMAD12BWP30P140:v
		errors: 0, warnings: 0
	module work.SDFOPTMAD4BWP30P140:v
		errors: 0, warnings: 0
	module work.SDFOPTMAD8BWP30P140:v
		errors: 0, warnings: 0
	module work.SDFOPTMCD12BWP30P140:v
		errors: 0, warnings: 0
	module work.SDFOPTMCD8BWP30P140:v
		errors: 0, warnings: 0
	module work.SDFOPTSADD12BWP30P140:v
		errors: 0, warnings: 0
	module work.SDFOPTSADD4BWP30P140:v
		errors: 0, warnings: 0
	module work.SDFOPTSADD8BWP30P140:v
		errors: 0, warnings: 0
	module work.SDFQD0BWP30P140:v
		errors: 0, warnings: 0
	module work.SDFQD1BWP30P140:v
		errors: 0, warnings: 0
	module work.SDFQD2BWP30P140:v
		errors: 0, warnings: 0
	module work.SDFQD4BWP30P140:v
		errors: 0, warnings: 0
	module work.SDFQNARD1BWP30P140:v
		errors: 0, warnings: 0
	module work.SDFQND0BWP30P140:v
		errors: 0, warnings: 0
	module work.SDFQND1BWP30P140:v
		errors: 0, warnings: 0
	module work.SDFQND2BWP30P140:v
		errors: 0, warnings: 0
	module work.SDFQND4BWP30P140:v
		errors: 0, warnings: 0
	module work.SDFQNOPTMAD12BWP30P140:v
		errors: 0, warnings: 0
	module work.SDFQNOPTMAD4BWP30P140:v
		errors: 0, warnings: 0
	module work.SDFQNOPTMAD8BWP30P140:v
		errors: 0, warnings: 0
	module work.SDFQNOPTSADD12BWP30P140:v
		errors: 0, warnings: 0
	module work.SDFQNOPTSADD4BWP30P140:v
		errors: 0, warnings: 0
	module work.SDFQNOPTSADD8BWP30P140:v
		errors: 0, warnings: 0
	module work.SDFQOPTBD1BWP30P140:v
		errors: 0, warnings: 0
	module work.SDFQOPTBD2BWP30P140:v
		errors: 0, warnings: 0
	module work.SDFQOPTBD4BWP30P140:v
		errors: 0, warnings: 0
	module work.SDFQOPTMAD12BWP30P140:v
		errors: 0, warnings: 0
	module work.SDFQOPTMAD4BWP30P140:v
		errors: 0, warnings: 0
	module work.SDFQOPTMAD8BWP30P140:v
		errors: 0, warnings: 0
	module work.SDFQOPTMCD12BWP30P140:v
		errors: 0, warnings: 0
	module work.SDFQOPTMCD8BWP30P140:v
		errors: 0, warnings: 0
	module work.SDFQOPTSADD12BWP30P140:v
		errors: 0, warnings: 0
	module work.SDFQOPTSADD4BWP30P140:v
		errors: 0, warnings: 0
	module work.SDFQOPTSADD8BWP30P140:v
		errors: 0, warnings: 0
	module work.SDFSND0BWP30P140:v
		errors: 0, warnings: 0
	module work.SDFSND1BWP30P140:v
		errors: 0, warnings: 0
	module work.SDFSND2BWP30P140:v
		errors: 0, warnings: 0
	module work.SDFSND4BWP30P140:v
		errors: 0, warnings: 0
	module work.SDFSNOPTMAD12BWP30P140:v
		errors: 0, warnings: 0
	module work.SDFSNOPTMAD4BWP30P140:v
		errors: 0, warnings: 0
	module work.SDFSNOPTMAD8BWP30P140:v
		errors: 0, warnings: 0
	module work.SDFSNQD0BWP30P140:v
		errors: 0, warnings: 0
	module work.SDFSNQD1BWP30P140:v
		errors: 0, warnings: 0
	module work.SDFSNQD2BWP30P140:v
		errors: 0, warnings: 0
	module work.SDFSNQD4BWP30P140:v
		errors: 0, warnings: 0
	module work.SDFSNQOPTMAD12BWP30P140:v
		errors: 0, warnings: 0
	module work.SDFSNQOPTMAD4BWP30P140:v
		errors: 0, warnings: 0
	module work.SDFSNQOPTMAD8BWP30P140:v
		errors: 0, warnings: 0
	module work.SDFSYNCND1BWP30P140:v
		errors: 0, warnings: 0
	module work.SDFSYNCND2BWP30P140:v
		errors: 0, warnings: 0
	module work.SDFSYNCND4BWP30P140:v
		errors: 0, warnings: 0
	module work.SDFSYNCNQD1BWP30P140:v
		errors: 0, warnings: 0
	module work.SDFSYNCNQD2BWP30P140:v
		errors: 0, warnings: 0
	module work.SDFSYNCNQD4BWP30P140:v
		errors: 0, warnings: 0
	module work.SDFSYNCSND1BWP30P140:v
		errors: 0, warnings: 0
	module work.SDFSYNCSND2BWP30P140:v
		errors: 0, warnings: 0
	module work.SDFSYNCSND4BWP30P140:v
		errors: 0, warnings: 0
	module work.SDFSYNCSNQD1BWP30P140:v
		errors: 0, warnings: 0
	module work.SDFSYNCSNQD2BWP30P140:v
		errors: 0, warnings: 0
	module work.SDFSYNCSNQD4BWP30P140:v
		errors: 0, warnings: 0
	module work.SDFSYND1BWP30P140:v
		errors: 0, warnings: 0
	module work.SDFSYND2BWP30P140:v
		errors: 0, warnings: 0
	module work.SDFSYND4BWP30P140:v
		errors: 0, warnings: 0
	module work.SDFSYNQD1BWP30P140:v
		errors: 0, warnings: 0
	module work.SDFSYNQD2BWP30P140:v
		errors: 0, warnings: 0
	module work.SDFSYNQD4BWP30P140:v
		errors: 0, warnings: 0
	module work.SDFSYNQND1BWP30P140:v
		errors: 0, warnings: 0
	module work.SDFSYNQND2BWP30P140:v
		errors: 0, warnings: 0
	module work.SDFSYNQND4BWP30P140:v
		errors: 0, warnings: 0
	module work.SDFSYNSND1BWP30P140:v
		errors: 0, warnings: 0
	module work.SDFSYNSND2BWP30P140:v
		errors: 0, warnings: 0
	module work.SDFSYNSND4BWP30P140:v
		errors: 0, warnings: 0
	module work.SDFSYNSNQD1BWP30P140:v
		errors: 0, warnings: 0
	module work.SDFSYNSNQD2BWP30P140:v
		errors: 0, warnings: 0
	module work.SDFSYNSNQD4BWP30P140:v
		errors: 0, warnings: 0
	module work.SEDFARD0BWP30P140:v
		errors: 0, warnings: 0
	module work.SEDFARD1BWP30P140:v
		errors: 0, warnings: 0
	module work.SEDFARD2BWP30P140:v
		errors: 0, warnings: 0
	module work.SEDFARD4BWP30P140:v
		errors: 0, warnings: 0
	module work.SEDFCNARD0BWP30P140:v
		errors: 0, warnings: 0
	module work.SEDFCNARD1BWP30P140:v
		errors: 0, warnings: 0
	module work.SEDFCND0BWP30P140:v
		errors: 0, warnings: 0
	module work.SEDFCND1BWP30P140:v
		errors: 0, warnings: 0
	module work.SEDFCND2BWP30P140:v
		errors: 0, warnings: 0
	module work.SEDFCND4BWP30P140:v
		errors: 0, warnings: 0
	module work.SEDFCNQARD0BWP30P140:v
		errors: 0, warnings: 0
	module work.SEDFCNQARD1BWP30P140:v
		errors: 0, warnings: 0
	module work.SEDFCNQD0BWP30P140:v
		errors: 0, warnings: 0
	module work.SEDFCNQD1BWP30P140:v
		errors: 0, warnings: 0
	module work.SEDFCNQD2BWP30P140:v
		errors: 0, warnings: 0
	module work.SEDFCNQD4BWP30P140:v
		errors: 0, warnings: 0
	module work.SEDFD0BWP30P140:v
		errors: 0, warnings: 0
	module work.SEDFD1BWP30P140:v
		errors: 0, warnings: 0
	module work.SEDFD2BWP30P140:v
		errors: 0, warnings: 0
	module work.SEDFD4BWP30P140:v
		errors: 0, warnings: 0
	module work.SEDFQARD0BWP30P140:v
		errors: 0, warnings: 0
	module work.SEDFQARD1BWP30P140:v
		errors: 0, warnings: 0
	module work.SEDFQARD2BWP30P140:v
		errors: 0, warnings: 0
	module work.SEDFQARD4BWP30P140:v
		errors: 0, warnings: 0
	module work.SEDFQD0BWP30P140:v
		errors: 0, warnings: 0
	module work.SEDFQD1BWP30P140:v
		errors: 0, warnings: 0
	module work.SEDFQD2BWP30P140:v
		errors: 0, warnings: 0
	module work.SEDFQD4BWP30P140:v
		errors: 0, warnings: 0
	module work.TAPCELLBWP30P140:v
		errors: 0, warnings: 0
	module work.TIEHBWP30P140:v
		errors: 0, warnings: 0
	module work.TIELBWP30P140:v
		errors: 0, warnings: 0
	module work.XNR2D0BWP30P140:v
		errors: 0, warnings: 0
	module work.XNR2D1BWP30P140:v
		errors: 0, warnings: 0
	module work.XNR2D2BWP30P140:v
		errors: 0, warnings: 0
	module work.XNR2D4BWP30P140:v
		errors: 0, warnings: 0
	module work.XNR2OPTND2BWP30P140:v
		errors: 0, warnings: 0
	module work.XNR2OPTND4BWP30P140:v
		errors: 0, warnings: 0
	module work.XNR2OPTND6BWP30P140:v
		errors: 0, warnings: 0
	module work.XNR2OPTND8BWP30P140:v
		errors: 0, warnings: 0
	module work.XNR2UD0BWP30P140:v
		errors: 0, warnings: 0
	module work.XNR2UD1BWP30P140:v
		errors: 0, warnings: 0
	module work.XNR3D0BWP30P140:v
		errors: 0, warnings: 0
	module work.XNR3D1BWP30P140:v
		errors: 0, warnings: 0
	module work.XNR3D2BWP30P140:v
		errors: 0, warnings: 0
	module work.XNR3D4BWP30P140:v
		errors: 0, warnings: 0
	module work.XNR3UD0BWP30P140:v
		errors: 0, warnings: 0
	module work.XNR3UD1BWP30P140:v
		errors: 0, warnings: 0
	module work.XNR4D0BWP30P140:v
		errors: 0, warnings: 0
	module work.XNR4D1BWP30P140:v
		errors: 0, warnings: 0
	module work.XNR4D2BWP30P140:v
		errors: 0, warnings: 0
	module work.XNR4D4BWP30P140:v
		errors: 0, warnings: 0
	module work.XOR2D0BWP30P140:v
		errors: 0, warnings: 0
	module work.XOR2D1BWP30P140:v
		errors: 0, warnings: 0
	module work.XOR2D2BWP30P140:v
		errors: 0, warnings: 0
	module work.XOR2D4BWP30P140:v
		errors: 0, warnings: 0
	module work.XOR2OPTND2BWP30P140:v
		errors: 0, warnings: 0
	module work.XOR2OPTND4BWP30P140:v
		errors: 0, warnings: 0
	module work.XOR2OPTND6BWP30P140:v
		errors: 0, warnings: 0
	module work.XOR2OPTND8BWP30P140:v
		errors: 0, warnings: 0
	module work.XOR2UD0BWP30P140:v
		errors: 0, warnings: 0
	module work.XOR2UD1BWP30P140:v
		errors: 0, warnings: 0
	module work.XOR3D0BWP30P140:v
		errors: 0, warnings: 0
	module work.XOR3D1BWP30P140:v
		errors: 0, warnings: 0
	module work.XOR3D2BWP30P140:v
		errors: 0, warnings: 0
	module work.XOR3D4BWP30P140:v
		errors: 0, warnings: 0
	module work.XOR3UD0BWP30P140:v
		errors: 0, warnings: 0
	module work.XOR3UD1BWP30P140:v
		errors: 0, warnings: 0
	module work.XOR4D0BWP30P140:v
		errors: 0, warnings: 0
	module work.XOR4D1BWP30P140:v
		errors: 0, warnings: 0
	module work.XOR4D2BWP30P140:v
		errors: 0, warnings: 0
	module work.XOR4D4BWP30P140:v
		errors: 0, warnings: 0
	module work.ISOHID1BWP30P140:v
		errors: 0, warnings: 0
	module work.ISOHID2BWP30P140:v
		errors: 0, warnings: 0
	module work.ISOHID4BWP30P140:v
		errors: 0, warnings: 0
	module work.ISOHID8BWP30P140:v
		errors: 0, warnings: 0
	module work.ISOLOD1BWP30P140:v
		errors: 0, warnings: 0
	module work.ISOLOD2BWP30P140:v
		errors: 0, warnings: 0
	module work.ISOLOD4BWP30P140:v
		errors: 0, warnings: 0
	module work.ISOLOD8BWP30P140:v
		errors: 0, warnings: 0
	module work.ISOSRHID2BWP30P140:v
		errors: 0, warnings: 0
	module work.ISOSRHID4BWP30P140:v
		errors: 0, warnings: 0
	module work.ISOSRHID8BWP30P140:v
		errors: 0, warnings: 0
	module work.ISOSRLOD2BWP30P140:v
		errors: 0, warnings: 0
	module work.ISOSRLOD4BWP30P140:v
		errors: 0, warnings: 0
	module work.ISOSRLOD8BWP30P140:v
		errors: 0, warnings: 0
	module work.LVLHLCD1BWP30P140:v
		errors: 0, warnings: 0
	module work.LVLHLCD2BWP30P140:v
		errors: 0, warnings: 0
	module work.LVLHLCD4BWP30P140:v
		errors: 0, warnings: 0
	module work.LVLHLCD8BWP30P140:v
		errors: 0, warnings: 0
	module work.LVLHLCLOD1BWP30P140:v
		errors: 0, warnings: 0
	module work.LVLHLCLOD2BWP30P140:v
		errors: 0, warnings: 0
	module work.LVLHLCLOD4BWP30P140:v
		errors: 0, warnings: 0
	module work.LVLHLCLOD8BWP30P140:v
		errors: 0, warnings: 0
	module work.LVLHLD1BWP30P140:v
		errors: 0, warnings: 0
	module work.LVLHLD2BWP30P140:v
		errors: 0, warnings: 0
	module work.LVLHLD4BWP30P140:v
		errors: 0, warnings: 0
	module work.LVLHLD8BWP30P140:v
		errors: 0, warnings: 0
	module work.LVLLHCD1BWP30P140:v
		errors: 0, warnings: 0
	module work.LVLLHCD2BWP30P140:v
		errors: 0, warnings: 0
	module work.LVLLHCD4BWP30P140:v
		errors: 0, warnings: 0
	module work.LVLLHCD8BWP30P140:v
		errors: 0, warnings: 0
	module work.LVLLHCLOD1BWP30P140:v
		errors: 0, warnings: 0
	module work.LVLLHCLOD2BWP30P140:v
		errors: 0, warnings: 0
	module work.LVLLHCLOD4BWP30P140:v
		errors: 0, warnings: 0
	module work.LVLLHCLOD8BWP30P140:v
		errors: 0, warnings: 0
	module work.LVLLHD1BWP30P140:v
		errors: 0, warnings: 0
	module work.LVLLHD2BWP30P140:v
		errors: 0, warnings: 0
	module work.LVLLHD4BWP30P140:v
		errors: 0, warnings: 0
	module work.LVLLHD8BWP30P140:v
		errors: 0, warnings: 0
	module work.LVLSRLHCD2BWP30P140:v
		errors: 0, warnings: 0
	module work.LVLSRLHCD4BWP30P140:v
		errors: 0, warnings: 0
	module work.LVLSRLHCD8BWP30P140:v
		errors: 0, warnings: 0
	module work.LVLSRLHD2BWP30P140:v
		errors: 0, warnings: 0
	module work.LVLSRLHD4BWP30P140:v
		errors: 0, warnings: 0
	module work.LVLSRLHD8BWP30P140:v
		errors: 0, warnings: 0
	primitive work.tsmc_dff:v
		errors: 0, warnings: 0
	primitive work.tsmc_dla:v
		errors: 0, warnings: 0
	primitive work.tsmc_mux:v
		errors: 0, warnings: 0
	primitive work.tsmc_xbuf:v
		errors: 0, warnings: 0
file: ../../tb/test_async_fifo.sv
	module work.tb:sv
		errors: 0, warnings: 0
file: ../logical/results/gate_level/async_fifo_logic_mapped.v
	module work.RC_CG_MOD:v
		errors: 0, warnings: 0
	module work.RC_CG_MOD_1:v
		errors: 0, warnings: 0
	module work.RC_CG_MOD_2:v
		errors: 0, warnings: 0
	module work.RC_CG_MOD_3:v
		errors: 0, warnings: 0
	module work.RC_CG_MOD_4:v
		errors: 0, warnings: 0
	module work.RC_CG_MOD_5:v
		errors: 0, warnings: 0
	module work.RC_CG_MOD_6:v
		errors: 0, warnings: 0
	module work.RC_CG_MOD_7:v
		errors: 0, warnings: 0
	module work.RC_CG_MOD_8:v
		errors: 0, warnings: 0
	module work.RC_CG_MOD_9:v
		errors: 0, warnings: 0
	module work.RC_CG_MOD_10:v
		errors: 0, warnings: 0
	module work.RC_CG_MOD_11:v
		errors: 0, warnings: 0
	module work.RC_CG_MOD_12:v
		errors: 0, warnings: 0
	module work.RC_CG_MOD_13:v
		errors: 0, warnings: 0
	module work.RC_CG_MOD_14:v
		errors: 0, warnings: 0
	module work.RC_CG_MOD_15:v
		errors: 0, warnings: 0
	module work.RC_CG_MOD_16:v
		errors: 0, warnings: 0
	module work.sync_2ff:v
		errors: 0, warnings: 0
	module work.sync_2ff_52:v
		errors: 0, warnings: 0
	module work.async_fifo:v
		errors: 0, warnings: 0
	Elaborating the design hierarchy:
		Caching library 'work' ....... Done
      .BITS(BITS),
               |
xmelab: *E,CUTMIP (/sim/tarsio/repos/sv-async-fifo-cdc/tb/test_async_fifo.sv,69|15): Too many module instance parameter assignments (definition in file ../logical/results/gate_level/async_fifo_logic_mapped.v, line 220).
  async_fifo_sva u_async_fifo_sva(.write_clk (write_clk), .write_rst_n
                                |
xmelab: *E,CUVMUR (../logical/results/gate_level/async_fifo_logic_mapped.v,358|32): instance 'tb.dut@async_fifo<module>.u_async_fifo_sva' of design unit 'async_fifo_sva' is unresolved in 'work.async_fifo:v'.
xrun: *E,ELBERR: Error (*E) or soft error (*SE) occurred during elaboration (status 1), exiting.
TOOL:	xrun(64)	23.03-s003: Exiting on Feb 22, 2026 at 23:34:45 -03  (total: 00:00:03)
