============================================================
  Generated by:           Genus(TM) Synthesis Solution 21.12-s068_1
  Generated on:           Feb 23 2026  01:41:07 pm
  Module:                 async_fifo
  Library domain:         timing_cond_0p81v_125c
    Domain index:         0
    Technology library:   tcbn28hpcplusbwp30p140ssg0p81v125c 110
  Operating conditions:   ssg0p81v125c 
  Interconnect mode:      global
  Area mode:              physical library
============================================================

                                                                               Library 
        Gate         Instances    Area                  Library                 Domain 
---------------------------------------------------------------------------------------
AOI21D1BWP30P140             2     1.008    tcbn28hpcplusbwp30p140ssg0p81v125c       0 
AOI221D1BWP30P140          129    97.524    tcbn28hpcplusbwp30p140ssg0p81v125c       0 
AOI22D1BWP30P140           384   241.920    tcbn28hpcplusbwp30p140ssg0p81v125c       0 
CKAN2D1BWP30P140            22    11.088    tcbn28hpcplusbwp30p140ssg0p81v125c       0 
CKLNQD1BWP30P140            35    66.150    tcbn28hpcplusbwp30p140ssg0p81v125c       0 
CKND1BWP30P140              12     3.024    tcbn28hpcplusbwp30p140ssg0p81v125c       0 
CKND2D1BWP30P140             5     1.890    tcbn28hpcplusbwp30p140ssg0p81v125c       0 
DFCND1BWP30P140              2     5.040    tcbn28hpcplusbwp30p140ssg0p81v125c       0 
DFCNQD1BWP30P140            76   172.368    tcbn28hpcplusbwp30p140ssg0p81v125c       0 
DFQD1BWP30P140            1024  1935.360    tcbn28hpcplusbwp30p140ssg0p81v125c       0 
HA1D1BWP30P140              10    16.380    tcbn28hpcplusbwp30p140ssg0p81v125c       0 
IND2D1BWP30P140              7     3.528    tcbn28hpcplusbwp30p140ssg0p81v125c       0 
INR2D1BWP30P140             16     8.064    tcbn28hpcplusbwp30p140ssg0p81v125c       0 
INR3D0BWP30P140              1     0.630    tcbn28hpcplusbwp30p140ssg0p81v125c       0 
MAOI22D1BWP30P140            1     0.756    tcbn28hpcplusbwp30p140ssg0p81v125c       0 
ND2OPTIBD1BWP30P140          4     1.512    tcbn28hpcplusbwp30p140ssg0p81v125c       0 
ND3D1BWP30P140             130    65.520    tcbn28hpcplusbwp30p140ssg0p81v125c       0 
ND4D1BWP30P140              32    20.160    tcbn28hpcplusbwp30p140ssg0p81v125c       0 
NR2D1BWP30P140              18     6.804    tcbn28hpcplusbwp30p140ssg0p81v125c       0 
NR2OPTIBD1BWP30P140         24     9.072    tcbn28hpcplusbwp30p140ssg0p81v125c       0 
NR4D0BWP30P140               1     0.630    tcbn28hpcplusbwp30p140ssg0p81v125c       0 
OA211D1BWP30P140             3     2.268    tcbn28hpcplusbwp30p140ssg0p81v125c       0 
OAI21D1BWP30P140             1     0.504    tcbn28hpcplusbwp30p140ssg0p81v125c       0 
OR2D1BWP30P140               1     0.504    tcbn28hpcplusbwp30p140ssg0p81v125c       0 
OR3D1BWP30P140               1     0.630    tcbn28hpcplusbwp30p140ssg0p81v125c       0 
XNR2UD1BWP30P140             8     7.056    tcbn28hpcplusbwp30p140ssg0p81v125c       0 
XNR3UD1BWP30P140             5     8.820    tcbn28hpcplusbwp30p140ssg0p81v125c       0 
XOR2UD1BWP30P140            14    12.348    tcbn28hpcplusbwp30p140ssg0p81v125c       0 
XOR3UD1BWP30P140             1     1.764    tcbn28hpcplusbwp30p140ssg0p81v125c       0 
XOR4D1BWP30P140              1     2.646    tcbn28hpcplusbwp30p140ssg0p81v125c       0 
---------------------------------------------------------------------------------------
total                     1970  2704.968                                       


                                                       
            Type             Instances   Area   Area % 
-------------------------------------------------------
sequential                        1102 2112.768   78.1 
inverter                            12    3.024    0.1 
clock_gating_integrated_cell        35   66.150    2.4 
logic                              821  523.026   19.3 
physical_cells                       0    0.000    0.0 
-------------------------------------------------------
total                             1970 2704.968  100.0 

