============================================================
  Generated by:           Genus(TM) Synthesis Solution 21.12-s068_1
  Generated on:           Feb 23 2026  01:41:13 pm
  Module:                 async_fifo
  Operating conditions:   ssg0p81v125c 
  Operating conditions:   tt0p9v25c 
  Interconnect mode:      global
  Area mode:              physical library
============================================================


Path 1: MET (747 ps) Late External Delay Assertion at pin p_write_full
           View: analysis_view_0p90v_25c_captyp_nominal
          Group: write_clk
     Startpoint: (R) sync_read_to_write/r_ff2_reg[4]/CP
          Clock: (R) write_clk
       Endpoint: (R) p_write_full
          Clock: (R) write_clk

                     Capture       Launch     
        Clock Edge:+    2000            0     
       Src Latency:+       0            0     
       Net Latency:+       0 (I)        0 (I) 
           Arrival:=    2000            0     
                                              
      Output Delay:-    1000                  
     Required Time:=    1000                  
      Launch Clock:-       0                  
         Data Path:-     253                  
             Slack:=     747                  

Exceptions/Constraints:
  output_delay             1000            tmp_sdc_analysis_vie_line_302 

#-------------------------------------------------------------------------------------------------------------------
#           Timing Point             Flags    Arc   Edge       Cell        Fanout Load Trans Delay Arrival Instance 
#                                                                                 (fF)  (ps)  (ps)   (ps)  Location 
#-------------------------------------------------------------------------------------------------------------------
  sync_read_to_write/r_ff2_reg[4]/CP -       -      R     (arrival)            50    -     0     0       0    (-,-) 
  sync_read_to_write/r_ff2_reg[4]/Q  -       CP->Q  R     DFCNQD1BWP30P140      1  1.6    12    42      42    (-,-) 
  g8803__5122/ZN                     -       A2->ZN R     XNR2UD1BWP30P140      2  3.8    51    40      83    (-,-) 
  g8791__5107/ZN                     -       A1->ZN R     XNR2UD1BWP30P140      4  5.3    66    42     125    (-,-) 
  g8789/ZN                           -       I->ZN  F     CKND1BWP30P140        2  3.1    29    24     150    (-,-) 
  g8785__1666/ZN                     -       A1->ZN F     XNR2UD1BWP30P140      1  1.4    30    23     172    (-,-) 
  g8782__9945/ZN                     -       A2->ZN R     NR4D0BWP30P140        1  1.6    34    31     204    (-,-) 
  g8781__9315/Z                      -       C->Z   R     OA211D1BWP30P140      2  6.1    31    49     253    (-,-) 
  p_write_full                       <<<     -      R     (port)                -    -     -     0     253    (-,-) 
#-------------------------------------------------------------------------------------------------------------------


