============================================================
  Generated by:           Genus(TM) Synthesis Solution 21.12-s068_1
  Generated on:           Feb 23 2026  01:43:16 pm
  Module:                 async_fifo
  Operating conditions:   ssg0p81v125c 
  Operating conditions:   tt0p9v25c 
  Operating conditions:   ffg0p99vm40c 
  Interconnect mode:      global
  Area mode:              physical library
============================================================


Path 1: MET (810 ps) Late External Delay Assertion at pin p_read_empty
           View: analysis_view_0p99v_m40c_capbst_fastest
          Group: read_clk
     Startpoint: (R) sync_write_to_read/r_ff2_reg[3]/CP
          Clock: (R) read_clk
       Endpoint: (R) p_read_empty
          Clock: (R) read_clk

                     Capture       Launch     
        Clock Edge:+    2000            0     
       Src Latency:+       0            0     
       Net Latency:+       0 (I)        0 (I) 
           Arrival:=    2000            0     
                                              
      Output Delay:-    1000                  
     Required Time:=    1000                  
      Launch Clock:-       0                  
         Data Path:-     190                  
             Slack:=     810                  

Exceptions/Constraints:
  output_delay             1000            tmp_sdc_analysis_vie_1_line_115 

#--------------------------------------------------------------------------------------------------------------------
#           Timing Point             Flags    Arc   Edge       Cell         Fanout Load Trans Delay Arrival Instance 
#                                                                                  (fF)  (ps)  (ps)   (ps)  Location 
#--------------------------------------------------------------------------------------------------------------------
  sync_write_to_read/r_ff2_reg[3]/CP -       -      R     (arrival)             16    -     0     0       0    (-,-) 
  sync_write_to_read/r_ff2_reg[3]/Q  -       CP->Q  F     DFCNQD1BWP30P140       7  9.3    32    51      51    (-,-) 
  g5613__6131/Z                      -       A2->Z  F     XOR2UD1BWP30P140       2  3.7    33    32      83    (-,-) 
  g5475__5115/ZN                     -       A4->ZN R     XNR4D1BWP30P140        1  1.8    16    45     128    (-,-) 
  g5458__5477/ZN                     -       B->ZN  F     OAI211D1BWP30P140      1  1.7    28    20     149    (-,-) 
  g5449__4733/ZN                     -       A1->ZN R     NR3D0P7BWP30P140       2  6.3    57    42     190    (-,-) 
  p_read_empty                       <<<     -      R     (port)                 -    -     -     0     190    (-,-) 
#--------------------------------------------------------------------------------------------------------------------


