============================================================
  Generated by:           Genus(TM) Synthesis Solution 21.12-s068_1
  Generated on:           Feb 23 2026  01:43:07 pm
  Module:                 async_fifo
  Library domain:         timing_cond_0p81v_125c
    Domain index:         0
    Technology library:   tcbn28hpcplusbwp30p140ssg0p81v125c 110
  Operating conditions:   ssg0p81v125c 
  Interconnect mode:      global
  Area mode:              physical library
============================================================

                                                                              Library 
        Gate         Instances   Area                  Library                 Domain 
--------------------------------------------------------------------------------------
AO21D1BWP30P140              1    0.630    tcbn28hpcplusbwp30p140ssg0p81v125c       0 
AOI21D1BWP30P140             3    1.512    tcbn28hpcplusbwp30p140ssg0p81v125c       0 
AOI221D1BWP30P140           19   14.364    tcbn28hpcplusbwp30p140ssg0p81v125c       0 
AOI222D1BWP30P140           16   16.128    tcbn28hpcplusbwp30p140ssg0p81v125c       0 
AOI22D1BWP30P140            81   51.030    tcbn28hpcplusbwp30p140ssg0p81v125c       0 
AOI32D1BWP30P140             1    0.756    tcbn28hpcplusbwp30p140ssg0p81v125c       0 
CKAN2D1BWP30P140             6    3.024    tcbn28hpcplusbwp30p140ssg0p81v125c       0 
CKLNQD1BWP30P140            19   35.910    tcbn28hpcplusbwp30p140ssg0p81v125c       0 
CKND1BWP30P140               7    1.764    tcbn28hpcplusbwp30p140ssg0p81v125c       0 
CKND2D1BWP30P140             6    2.268    tcbn28hpcplusbwp30p140ssg0p81v125c       0 
DFCND1BWP30P140              5   12.600    tcbn28hpcplusbwp30p140ssg0p81v125c       0 
DFCNQD1BWP30P140            45  102.060    tcbn28hpcplusbwp30p140ssg0p81v125c       0 
DFQD1BWP30P140             256  483.840    tcbn28hpcplusbwp30p140ssg0p81v125c       0 
EDFCND1BWP30P140             1    3.024    tcbn28hpcplusbwp30p140ssg0p81v125c       0 
HA1D1BWP30P140               4    6.552    tcbn28hpcplusbwp30p140ssg0p81v125c       0 
IND2D1BWP30P140              8    4.032    tcbn28hpcplusbwp30p140ssg0p81v125c       0 
IND3D1BWP30P140              2    1.260    tcbn28hpcplusbwp30p140ssg0p81v125c       0 
IND4D1BWP30P140              2    1.512    tcbn28hpcplusbwp30p140ssg0p81v125c       0 
INR2D1BWP30P140             12    6.048    tcbn28hpcplusbwp30p140ssg0p81v125c       0 
INR3D0BWP30P140              2    1.260    tcbn28hpcplusbwp30p140ssg0p81v125c       0 
INVD1BWP30P140               1    0.252    tcbn28hpcplusbwp30p140ssg0p81v125c       0 
IOA21D1BWP30P140             2    1.260    tcbn28hpcplusbwp30p140ssg0p81v125c       0 
MUX2NUD1BWP30P140            1    0.756    tcbn28hpcplusbwp30p140ssg0p81v125c       0 
ND2D1BWP30P140              11    4.158    tcbn28hpcplusbwp30p140ssg0p81v125c       0 
ND2OPTIBD1BWP30P140          8    3.024    tcbn28hpcplusbwp30p140ssg0p81v125c       0 
ND4D1BWP30P140              34   21.420    tcbn28hpcplusbwp30p140ssg0p81v125c       0 
NR2D1BWP30P140              19    7.182    tcbn28hpcplusbwp30p140ssg0p81v125c       0 
NR2OPTIBD1BWP30P140         11    4.158    tcbn28hpcplusbwp30p140ssg0p81v125c       0 
NR3D0P7BWP30P140             3    1.512    tcbn28hpcplusbwp30p140ssg0p81v125c       0 
OAI211D1BWP30P140            2    1.260    tcbn28hpcplusbwp30p140ssg0p81v125c       0 
OAI21D1BWP30P140             2    1.008    tcbn28hpcplusbwp30p140ssg0p81v125c       0 
OAI221D1BWP30P140            1    0.882    tcbn28hpcplusbwp30p140ssg0p81v125c       0 
OAI22D1BWP30P140             1    0.630    tcbn28hpcplusbwp30p140ssg0p81v125c       0 
OAI31D1BWP30P140             1    0.630    tcbn28hpcplusbwp30p140ssg0p81v125c       0 
OR2D1BWP30P140               8    4.032    tcbn28hpcplusbwp30p140ssg0p81v125c       0 
SDFCNQD0BWP30P140            3    8.694    tcbn28hpcplusbwp30p140ssg0p81v125c       0 
XNR2UD1BWP30P140             7    6.174    tcbn28hpcplusbwp30p140ssg0p81v125c       0 
XNR4D1BWP30P140              2    5.292    tcbn28hpcplusbwp30p140ssg0p81v125c       0 
XOR2UD1BWP30P140            14   12.348    tcbn28hpcplusbwp30p140ssg0p81v125c       0 
--------------------------------------------------------------------------------------
total                      627  834.246                                       


                                                      
            Type             Instances   Area  Area % 
------------------------------------------------------
sequential                         310 610.218   73.1 
inverter                             8   2.016    0.2 
clock_gating_integrated_cell        19  35.910    4.3 
logic                              290 186.102   22.3 
physical_cells                       0   0.000    0.0 
------------------------------------------------------
total                              627 834.246  100.0 

