============================================================
  Generated by:           Genus(TM) Synthesis Solution 21.12-s068_1
  Generated on:           Feb 23 2026  01:46:00 pm
  Module:                 async_fifo
  Library domain:         timing_cond_0p81v_125c
    Domain index:         0
    Technology library:   tcbn28hpcplusbwp30p140ssg0p81v125c 110
  Operating conditions:   ssg0p81v125c 
  Interconnect mode:      global
  Area mode:              physical library
============================================================

                                                                               Library 
        Gate         Instances    Area                  Library                 Domain 
---------------------------------------------------------------------------------------
AN2D1BWP30P140               7     3.528    tcbn28hpcplusbwp30p140ssg0p81v125c       0 
AN3D1BWP30P140               1     0.630    tcbn28hpcplusbwp30p140ssg0p81v125c       0 
AO211D1BWP30P140             1     0.756    tcbn28hpcplusbwp30p140ssg0p81v125c       0 
AOI21D1BWP30P140             1     0.504    tcbn28hpcplusbwp30p140ssg0p81v125c       0 
AOI221D1BWP30P140           64    48.384    tcbn28hpcplusbwp30p140ssg0p81v125c       0 
AOI22D1BWP30P140           192   120.960    tcbn28hpcplusbwp30p140ssg0p81v125c       0 
AOI31D1BWP30P140             1     0.630    tcbn28hpcplusbwp30p140ssg0p81v125c       0 
AOI32D1BWP30P140             1     0.756    tcbn28hpcplusbwp30p140ssg0p81v125c       0 
CKAN2D1BWP30P140             4     2.016    tcbn28hpcplusbwp30p140ssg0p81v125c       0 
CKLNQD1BWP30P140            35    66.150    tcbn28hpcplusbwp30p140ssg0p81v125c       0 
CKND1BWP30P140               8     2.016    tcbn28hpcplusbwp30p140ssg0p81v125c       0 
CKND2D1BWP30P140             8     3.024    tcbn28hpcplusbwp30p140ssg0p81v125c       0 
DFCND1BWP30P140              4    10.080    tcbn28hpcplusbwp30p140ssg0p81v125c       0 
DFCNQD1BWP30P140            56   127.008    tcbn28hpcplusbwp30p140ssg0p81v125c       0 
DFQD1BWP30P140             512   967.680    tcbn28hpcplusbwp30p140ssg0p81v125c       0 
EDFCND1BWP30P140             1     3.024    tcbn28hpcplusbwp30p140ssg0p81v125c       0 
HA1D1BWP30P140               6     9.828    tcbn28hpcplusbwp30p140ssg0p81v125c       0 
IND2D1BWP30P140             12     6.048    tcbn28hpcplusbwp30p140ssg0p81v125c       0 
INR2D1BWP30P140             18     9.072    tcbn28hpcplusbwp30p140ssg0p81v125c       0 
INR4D0BWP30P140              1     0.756    tcbn28hpcplusbwp30p140ssg0p81v125c       0 
MUX2NUD1BWP30P140            2     1.512    tcbn28hpcplusbwp30p140ssg0p81v125c       0 
ND2D1BWP30P140               3     1.134    tcbn28hpcplusbwp30p140ssg0p81v125c       0 
ND3D1BWP30P140              66    33.264    tcbn28hpcplusbwp30p140ssg0p81v125c       0 
ND4D1BWP30P140              16    10.080    tcbn28hpcplusbwp30p140ssg0p81v125c       0 
NR2D1BWP30P140              26     9.828    tcbn28hpcplusbwp30p140ssg0p81v125c       0 
NR2OPTIBD1BWP30P140         27    10.206    tcbn28hpcplusbwp30p140ssg0p81v125c       0 
NR3D0BWP30P140               1     0.504    tcbn28hpcplusbwp30p140ssg0p81v125c       0 
NR4D0BWP30P140               2     1.260    tcbn28hpcplusbwp30p140ssg0p81v125c       0 
OA211D1BWP30P140             1     0.756    tcbn28hpcplusbwp30p140ssg0p81v125c       0 
OAI211D1BWP30P140            2     1.260    tcbn28hpcplusbwp30p140ssg0p81v125c       0 
OAI21D1BWP30P140             2     1.008    tcbn28hpcplusbwp30p140ssg0p81v125c       0 
OAI221D1BWP30P140            1     0.882    tcbn28hpcplusbwp30p140ssg0p81v125c       0 
OAI22D1BWP30P140             1     0.630    tcbn28hpcplusbwp30p140ssg0p81v125c       0 
OAI31D1BWP30P140             1     0.630    tcbn28hpcplusbwp30p140ssg0p81v125c       0 
OAI32D1BWP30P140             1     0.756    tcbn28hpcplusbwp30p140ssg0p81v125c       0 
OAI33D1BWP30P140             1     0.882    tcbn28hpcplusbwp30p140ssg0p81v125c       0 
OR2D1BWP30P140               5     2.520    tcbn28hpcplusbwp30p140ssg0p81v125c       0 
SDFCNQD0BWP30P140            1     2.898    tcbn28hpcplusbwp30p140ssg0p81v125c       0 
XNR2UD1BWP30P140             6     5.292    tcbn28hpcplusbwp30p140ssg0p81v125c       0 
XNR3UD1BWP30P140             2     3.528    tcbn28hpcplusbwp30p140ssg0p81v125c       0 
XNR4D1BWP30P140              1     2.646    tcbn28hpcplusbwp30p140ssg0p81v125c       0 
XOR2UD1BWP30P140             8     7.056    tcbn28hpcplusbwp30p140ssg0p81v125c       0 
XOR4D0BWP30P140              1     2.646    tcbn28hpcplusbwp30p140ssg0p81v125c       0 
XOR4D1BWP30P140              1     2.646    tcbn28hpcplusbwp30p140ssg0p81v125c       0 
---------------------------------------------------------------------------------------
total                     1111  1486.674                                       


                                                       
            Type             Instances   Area   Area % 
-------------------------------------------------------
sequential                         574 1110.690   74.7 
inverter                             8    2.016    0.1 
clock_gating_integrated_cell        35   66.150    4.4 
logic                              494  307.818   20.7 
physical_cells                       0    0.000    0.0 
-------------------------------------------------------
total                             1111 1486.674  100.0 

