============================================================
  Generated by:           Genus(TM) Synthesis Solution 21.12-s068_1
  Generated on:           Feb 23 2026  01:35:49 pm
  Module:                 async_fifo
  Library domain:         timing_cond_0p81v_125c
    Domain index:         0
    Technology library:   tcbn28hpcplusbwp30p140ssg0p81v125c 110
  Operating conditions:   ssg0p81v125c 
  Interconnect mode:      global
  Area mode:              physical library
============================================================

                                                                               Library 
        Gate         Instances    Area                  Library                 Domain 
---------------------------------------------------------------------------------------
AO21D1BWP30P140              1     0.630    tcbn28hpcplusbwp30p140ssg0p81v125c       0 
AOI21D1BWP30P140             3     1.512    tcbn28hpcplusbwp30p140ssg0p81v125c       0 
AOI221D1BWP30P140           35    26.460    tcbn28hpcplusbwp30p140ssg0p81v125c       0 
AOI222D1BWP30P140           32    32.256    tcbn28hpcplusbwp30p140ssg0p81v125c       0 
AOI22D1BWP30P140           161   101.430    tcbn28hpcplusbwp30p140ssg0p81v125c       0 
AOI32D1BWP30P140             1     0.756    tcbn28hpcplusbwp30p140ssg0p81v125c       0 
CKAN2D1BWP30P140             6     3.024    tcbn28hpcplusbwp30p140ssg0p81v125c       0 
CKLNQD1BWP30P140            19    35.910    tcbn28hpcplusbwp30p140ssg0p81v125c       0 
CKND1BWP30P140               7     1.764    tcbn28hpcplusbwp30p140ssg0p81v125c       0 
CKND2D1BWP30P140             7     2.646    tcbn28hpcplusbwp30p140ssg0p81v125c       0 
DFCND1BWP30P140              7    17.640    tcbn28hpcplusbwp30p140ssg0p81v125c       0 
DFCNQD1BWP30P140            59   133.812    tcbn28hpcplusbwp30p140ssg0p81v125c       0 
DFQD1BWP30P140             512   967.680    tcbn28hpcplusbwp30p140ssg0p81v125c       0 
EDFCND1BWP30P140             1     3.024    tcbn28hpcplusbwp30p140ssg0p81v125c       0 
HA1D1BWP30P140               4     6.552    tcbn28hpcplusbwp30p140ssg0p81v125c       0 
IND2D1BWP30P140              6     3.024    tcbn28hpcplusbwp30p140ssg0p81v125c       0 
IND3D1BWP30P140              2     1.260    tcbn28hpcplusbwp30p140ssg0p81v125c       0 
IND4D1BWP30P140              2     1.512    tcbn28hpcplusbwp30p140ssg0p81v125c       0 
INR2D1BWP30P140             12     6.048    tcbn28hpcplusbwp30p140ssg0p81v125c       0 
INR3D0BWP30P140              2     1.260    tcbn28hpcplusbwp30p140ssg0p81v125c       0 
INVD1BWP30P140               1     0.252    tcbn28hpcplusbwp30p140ssg0p81v125c       0 
IOA21D1BWP30P140             2     1.260    tcbn28hpcplusbwp30p140ssg0p81v125c       0 
MUX2NUD1BWP30P140            1     0.756    tcbn28hpcplusbwp30p140ssg0p81v125c       0 
ND2D1BWP30P140              21     7.938    tcbn28hpcplusbwp30p140ssg0p81v125c       0 
ND2OPTIBD1BWP30P140         13     4.914    tcbn28hpcplusbwp30p140ssg0p81v125c       0 
ND4D1BWP30P140              66    41.580    tcbn28hpcplusbwp30p140ssg0p81v125c       0 
NR2D1BWP30P140              19     7.182    tcbn28hpcplusbwp30p140ssg0p81v125c       0 
NR2OPTIBD1BWP30P140         11     4.158    tcbn28hpcplusbwp30p140ssg0p81v125c       0 
NR3D0P7BWP30P140             3     1.512    tcbn28hpcplusbwp30p140ssg0p81v125c       0 
OAI211D1BWP30P140            2     1.260    tcbn28hpcplusbwp30p140ssg0p81v125c       0 
OAI21D1BWP30P140             2     1.008    tcbn28hpcplusbwp30p140ssg0p81v125c       0 
OAI221D1BWP30P140            1     0.882    tcbn28hpcplusbwp30p140ssg0p81v125c       0 
OAI22D1BWP30P140             1     0.630    tcbn28hpcplusbwp30p140ssg0p81v125c       0 
OAI31D1BWP30P140             1     0.630    tcbn28hpcplusbwp30p140ssg0p81v125c       0 
OR2D1BWP30P140              10     5.040    tcbn28hpcplusbwp30p140ssg0p81v125c       0 
SDFCNQD0BWP30P140            3     8.694    tcbn28hpcplusbwp30p140ssg0p81v125c       0 
XNR2UD1BWP30P140             7     6.174    tcbn28hpcplusbwp30p140ssg0p81v125c       0 
XNR4D1BWP30P140              2     5.292    tcbn28hpcplusbwp30p140ssg0p81v125c       0 
XOR2UD1BWP30P140            14    12.348    tcbn28hpcplusbwp30p140ssg0p81v125c       0 
---------------------------------------------------------------------------------------
total                     1059  1459.710                                       


                                                       
            Type             Instances   Area   Area % 
-------------------------------------------------------
sequential                         582 1130.850   77.5 
inverter                             8    2.016    0.1 
clock_gating_integrated_cell        19   35.910    2.5 
logic                              450  290.934   19.9 
physical_cells                       0    0.000    0.0 
-------------------------------------------------------
total                             1059 1459.710  100.0 

