============================================================
  Generated by:           Genus(TM) Synthesis Solution 21.12-s068_1
  Generated on:           Feb 23 2026  01:35:48 pm
  Module:                 async_fifo
  Library domain:         timing_cond_0p81v_125c
    Domain index:         0
    Technology library:   tcbn28hpcplusbwp30p140ssg0p81v125c 110
  Operating conditions:   ssg0p81v125c 
  Interconnect mode:      global
  Area mode:              physical library
============================================================


Summary
-------
--------------------------------------------------------------------------
            Category            Number     %    Average Toggle Saving %   
--------------------------------------------------------------------------
 Total Clock Gating Instances       19  100.00                         -  
--------------------------------------------------------------------------
 RC Clock Gating Instances          19  100.00                     91.28  
 Non-RC Clock Gating Instances       0    0.00                      0.00  
--------------------------------------------------------------------------
 RC Gated Flip-flops               554   95.19                     93.85  
 Non-RC Gated Flip-flops             0    0.00                      0.00  
--------------------------------------------------------------------------
 Total Gated Flip-flops            554   95.19                         -  
 Total Ungated Flip-flops           28    4.81                         -  
 Enable not found                   28  100.00                         -  
--------------------------------------------------------------------------
 Total Flip-flops                  582  100.00                         -  
--------------------------------------------------------------------------
Multibit Flip-flop Summary
--------------------------
-------------------------------------------------------
Width     Number     Bits     RC Gated     Ungated     
-------------------------------------------------------
1-bit     582        582      554 (95.19%) 28 (4.81%)  
-------------------------------------------------------


