============================================================
  Generated by:           Genus(TM) Synthesis Solution 21.12-s068_1
  Generated on:           Feb 22 2026  11:29:07 pm
  Module:                 async_fifo
  Library domain:         timing_cond_0p81v_125c
    Domain index:         0
    Technology library:   tcbn28hpcplusbwp30p140ssg0p81v125c 110
  Operating conditions:   ssg0p81v125c 
  Interconnect mode:      global
  Area mode:              physical library
============================================================

                                                                               Library 
        Gate         Instances    Area                  Library                 Domain 
---------------------------------------------------------------------------------------
AN4D1BWP30P140               1     0.756    tcbn28hpcplusbwp30p140ssg0p81v125c       0 
AO211D1BWP30P140            23    17.388    tcbn28hpcplusbwp30p140ssg0p81v125c       0 
AO22D0BWP30P140             50    37.800    tcbn28hpcplusbwp30p140ssg0p81v125c       0 
AOI221D1BWP30P140           59    44.604    tcbn28hpcplusbwp30p140ssg0p81v125c       0 
AOI22D1BWP30P140           115    72.450    tcbn28hpcplusbwp30p140ssg0p81v125c       0 
CKAN2D1BWP30P140            15     7.560    tcbn28hpcplusbwp30p140ssg0p81v125c       0 
CKBD1BWP30P140               2     0.756    tcbn28hpcplusbwp30p140ssg0p81v125c       0 
CKLNQD1BWP30P140            17    32.130    tcbn28hpcplusbwp30p140ssg0p81v125c       0 
CKND1BWP30P140              10     2.520    tcbn28hpcplusbwp30p140ssg0p81v125c       0 
CKND2D1BWP30P140             1     0.378    tcbn28hpcplusbwp30p140ssg0p81v125c       0 
DFCNQD1BWP30P140            72   163.296    tcbn28hpcplusbwp30p140ssg0p81v125c       0 
DFD1BWP30P140               23    49.266    tcbn28hpcplusbwp30p140ssg0p81v125c       0 
DFQD1BWP30P140             489   924.210    tcbn28hpcplusbwp30p140ssg0p81v125c       0 
HA1D1BWP30P140               8    13.104    tcbn28hpcplusbwp30p140ssg0p81v125c       0 
IND2D1BWP30P140              2     1.008    tcbn28hpcplusbwp30p140ssg0p81v125c       0 
INR2D1BWP30P140             17     8.568    tcbn28hpcplusbwp30p140ssg0p81v125c       0 
INR4D0BWP30P140              2     1.512    tcbn28hpcplusbwp30p140ssg0p81v125c       0 
IOA21D1BWP30P140             9     5.670    tcbn28hpcplusbwp30p140ssg0p81v125c       0 
ND2D1BWP30P140               9     3.402    tcbn28hpcplusbwp30p140ssg0p81v125c       0 
ND2OPTIBD1BWP30P140          2     0.756    tcbn28hpcplusbwp30p140ssg0p81v125c       0 
ND3D1BWP30P140               2     1.008    tcbn28hpcplusbwp30p140ssg0p81v125c       0 
ND4D1BWP30P140              33    20.790    tcbn28hpcplusbwp30p140ssg0p81v125c       0 
NR2D1BWP30P140               9     3.402    tcbn28hpcplusbwp30p140ssg0p81v125c       0 
NR2OPTIBD1BWP30P140          1     0.378    tcbn28hpcplusbwp30p140ssg0p81v125c       0 
NR4D0BWP30P140               1     0.630    tcbn28hpcplusbwp30p140ssg0p81v125c       0 
OAI211D1BWP30P140           23    14.490    tcbn28hpcplusbwp30p140ssg0p81v125c       0 
OAI31D1BWP30P140             1     0.630    tcbn28hpcplusbwp30p140ssg0p81v125c       0 
OR2D1BWP30P140               1     0.504    tcbn28hpcplusbwp30p140ssg0p81v125c       0 
XNR2UD1BWP30P140             3     2.646    tcbn28hpcplusbwp30p140ssg0p81v125c       0 
XNR4D1BWP30P140              1     2.646    tcbn28hpcplusbwp30p140ssg0p81v125c       0 
XOR2UD1BWP30P140            17    14.994    tcbn28hpcplusbwp30p140ssg0p81v125c       0 
XOR3UD1BWP30P140             3     5.292    tcbn28hpcplusbwp30p140ssg0p81v125c       0 
XOR4D1BWP30P140              1     2.646    tcbn28hpcplusbwp30p140ssg0p81v125c       0 
---------------------------------------------------------------------------------------
total                     1022  1457.190                                       


                                                       
            Type             Instances   Area   Area % 
-------------------------------------------------------
sequential                         584 1136.772   78.0 
inverter                            10    2.520    0.2 
buffer                               2    0.756    0.1 
clock_gating_integrated_cell        17   32.130    2.2 
unresolved                           1    0.000    0.0 
logic                              409  285.012   19.6 
physical_cells                       0    0.000    0.0 
-------------------------------------------------------
total                             1023 1457.190  100.0 

