============================================================
  Generated by:           Genus(TM) Synthesis Solution 21.12-s068_1
  Generated on:           Feb 22 2026  11:29:06 pm
  Module:                 async_fifo
  Library domain:         timing_cond_0p81v_125c
    Domain index:         0
    Technology library:   tcbn28hpcplusbwp30p140ssg0p81v125c 110
  Operating conditions:   ssg0p81v125c 
  Interconnect mode:      global
  Area mode:              physical library
============================================================


Summary
-------
--------------------------------------------------------------------------
            Category            Number     %    Average Toggle Saving %   
--------------------------------------------------------------------------
 Total Clock Gating Instances       17  100.00                         -  
--------------------------------------------------------------------------
 RC Clock Gating Instances          17  100.00                     95.72  
 Non-RC Clock Gating Instances       0    0.00                      0.00  
--------------------------------------------------------------------------
 RC Gated Flip-flops               544   93.15                     95.72  
 Non-RC Gated Flip-flops             0    0.00                      0.00  
--------------------------------------------------------------------------
 Total Gated Flip-flops            544   93.15                         -  
 Total Ungated Flip-flops           40    6.85                         -  
 Enable not found                   10   25.00                         -  
 User preserved                     30   75.00                         -  
--------------------------------------------------------------------------
 Total Flip-flops                  584  100.00                         -  
--------------------------------------------------------------------------
Multibit Flip-flop Summary
--------------------------
-------------------------------------------------------
Width     Number     Bits     RC Gated     Ungated     
-------------------------------------------------------
1-bit     584        584      544 (93.15%) 40 (6.85%)  
-------------------------------------------------------


